Running Receiver
Sending 1470 bytes in each frame to 
Socket: 3
2023-03-14 10:39:28 current bw:    0.000 Mbps (0 pkts/sec - 0.000 %) (current max: 0 of 81380
2023-03-14 10:39:29 current bw:    0.000 Mbps (0 pkts/sec - 0.000 %) (current max: 0 of 81380
2023-03-14 10:39:30 current bw:  402.629 Mbps (32766 pkts/sec - 40.263 %) (current max: 32766 of 81380
2023-03-14 10:39:31 current bw:  995.992 Mbps (81054 pkts/sec - 99.599 %) (current max: 81054 of 81380
2023-03-14 10:39:32 current bw:  996.139 Mbps (81066 pkts/sec - 99.614 %) (current max: 81066 of 81380
2023-03-14 10:39:33 current bw:  995.942 Mbps (81050 pkts/sec - 99.594 %) (current max: 81066 of 81380
2023-03-14 10:39:34 current bw:  996.004 Mbps (81055 pkts/sec - 99.601 %) (current max: 81066 of 81380
2023-03-14 10:39:35 current bw:  996.053 Mbps (81059 pkts/sec - 99.606 %) (current max: 81066 of 81380
2023-03-14 10:39:36 current bw:  967.311 Mbps (78720 pkts/sec - 96.731 %) (current max: 81066 of 81380
2023-03-14 10:39:37 current bw:  995.967 Mbps (81052 pkts/sec - 99.597 %) (current max: 81066 of 81380
2023-03-14 10:39:38 current bw:  996.176 Mbps (81069 pkts/sec - 99.618 %) (current max: 81069 of 81380
2023-03-14 10:39:39 current bw:  995.979 Mbps (81053 pkts/sec - 99.598 %) (current max: 81069 of 81380
2023-03-14 10:39:40 current bw:  995.451 Mbps (81010 pkts/sec - 99.545 %) (current max: 81069 of 81380
2023-03-14 10:39:41 current bw:  996.164 Mbps (81068 pkts/sec - 99.617 %) (current max: 81069 of 81380
2023-03-14 10:39:42 current bw:  995.979 Mbps (81053 pkts/sec - 99.598 %) (current max: 81069 of 81380
2023-03-14 10:39:43 current bw:  996.188 Mbps (81070 pkts/sec - 99.619 %) (current max: 81070 of 81380
2023-03-14 10:39:44 current bw:  995.967 Mbps (81052 pkts/sec - 99.597 %) (current max: 81070 of 81380
2023-03-14 10:39:45 current bw:  996.176 Mbps (81069 pkts/sec - 99.618 %) (current max: 81070 of 81380
2023-03-14 10:39:46 current bw:  995.979 Mbps (81053 pkts/sec - 99.598 %) (current max: 81070 of 81380
2023-03-14 10:39:47 current bw:  996.176 Mbps (81069 pkts/sec - 99.618 %) (current max: 81070 of 81380
2023-03-14 10:39:48 current bw:  995.979 Mbps (81053 pkts/sec - 99.598 %) (current max: 81070 of 81380
2023-03-14 10:39:49 current bw:  996.151 Mbps (81067 pkts/sec - 99.615 %) (current max: 81070 of 81380
2023-03-14 10:39:50 current bw:  995.979 Mbps (81053 pkts/sec - 99.598 %) (current max: 81070 of 81380
2023-03-14 10:39:51 current bw:  996.200 Mbps (81071 pkts/sec - 99.620 %) (current max: 81071 of 81380
2023-03-14 10:39:52 current bw:  995.955 Mbps (81051 pkts/sec - 99.596 %) (current max: 81071 of 81380
2023-03-14 10:39:53 current bw:  996.164 Mbps (81068 pkts/sec - 99.617 %) (current max: 81071 of 81380
2023-03-14 10:39:54 current bw:  996.004 Mbps (81055 pkts/sec - 99.601 %) (current max: 81071 of 81380
2023-03-14 10:39:55 current bw:  996.065 Mbps (81060 pkts/sec - 99.607 %) (current max: 81071 of 81380
2023-03-14 10:39:56 current bw:  996.078 Mbps (81061 pkts/sec - 99.608 %) (current max: 81071 of 81380
2023-03-14 10:39:57 current bw:  995.992 Mbps (81054 pkts/sec - 99.599 %) (current max: 81071 of 81380
2023-03-14 10:39:58 current bw:  996.164 Mbps (81068 pkts/sec - 99.617 %) (current max: 81071 of 81380
2023-03-14 10:39:59 current bw:  996.004 Mbps (81055 pkts/sec - 99.601 %) (current max: 81071 of 81380
2023-03-14 10:40:00 current bw:  594.223 Mbps (48358 pkts/sec - 59.422 %) (current max: 81071 of 81380
2023-03-14 10:40:01 current bw:    0.000 Mbps (0 pkts/sec - 0.000 %) (current max: 81071 of 81380
2023-03-14 10:40:02 current bw:    0.000 Mbps (0 pkts/sec - 0.000 %) (current max: 81071 of 81380
2023-03-14 10:40:03 current bw:    0.000 Mbps (0 pkts/sec - 0.000 %) (current max: 81071 of 81380
2023-03-14 10:40:04 current bw:    0.000 Mbps (0 pkts/sec - 0.000 %) (current max: 81071 of 81380
2023-03-14 10:40:05 current bw:    0.000 Mbps (0 pkts/sec - 0.000 %) (current max: 81071 of 81380
2023-03-14 10:40:06 current bw:    0.000 Mbps (0 pkts/sec - 0.000 %) (current max: 81071 of 81380
2023-03-14 10:40:07 current bw:    0.000 Mbps (0 pkts/sec - 0.000 %) (current max: 81071 of 81380
2023-03-14 10:40:08 current bw:    0.000 Mbps (0 pkts/sec - 0.000 %) (current max: 81071 of 81380
2023-03-14 10:40:09 current bw:    0.000 Mbps (0 pkts/sec - 0.000 %) (current max: 81071 of 81380
2023-03-14 10:40:10 current bw:    0.000 Mbps (0 pkts/sec - 0.000 %) (current max: 81071 of 81380
2023-03-14 10:40:11 current bw:    0.000 Mbps (0 pkts/sec - 0.000 %) (current max: 81071 of 81380
2023-03-14 10:40:12 current bw:    0.000 Mbps (0 pkts/sec - 0.000 %) (current max: 81071 of 81380
2023-03-14 10:40:13 current bw:    0.000 Mbps (0 pkts/sec - 0.000 %) (current max: 81071 of 81380
2023-03-14 10:40:14 current bw:    0.000 Mbps (0 pkts/sec - 0.000 %) (current max: 81071 of 81380
2023-03-14 10:40:15 current bw:    0.000 Mbps (0 pkts/sec - 0.000 %) (current max: 81071 of 81380
2023-03-14 10:40:16 current bw:    0.000 Mbps (0 pkts/sec - 0.000 %) (current max: 81071 of 81380
2023-03-14 10:40:17 current bw:    0.000 Mbps (0 pkts/sec - 0.000 %) (current max: 81071 of 81380
2023-03-14 10:40:18 current bw:    0.000 Mbps (0 pkts/sec - 0.000 %) (current max: 81071 of 81380
2023-03-14 10:40:19 current bw:    0.000 Mbps (0 pkts/sec - 0.000 %) (current max: 81071 of 81380
2023-03-14 10:40:20 current bw:    0.000 Mbps (0 pkts/sec - 0.000 %) (current max: 81071 of 81380
2023-03-14 10:40:21 current bw:    0.000 Mbps (0 pkts/sec - 0.000 %) (current max: 81071 of 81380
2023-03-14 10:40:22 current bw:    0.000 Mbps (0 pkts/sec - 0.000 %) (current max: 81071 of 81380
2023-03-14 10:40:23 current bw:    0.000 Mbps (0 pkts/sec - 0.000 %) (current max: 81071 of 81380
2023-03-14 10:40:24 current bw:    0.000 Mbps (0 pkts/sec - 0.000 %) (current max: 81071 of 81380
2023-03-14 10:40:25 current bw:    0.000 Mbps (0 pkts/sec - 0.000 %) (current max: 81071 of 81380
2023-03-14 10:40:26 current bw:    0.000 Mbps (0 pkts/sec - 0.000 %) (current max: 81071 of 81380
2023-03-14 10:40:27 current bw:    0.000 Mbps (0 pkts/sec - 0.000 %) (current max: 81071 of 81380
2023-03-14 10:40:28 current bw:    0.000 Mbps (0 pkts/sec - 0.000 %) (current max: 81071 of 81380
2023-03-14 10:40:29 current bw:    0.000 Mbps (0 pkts/sec - 0.000 %) (current max: 81071 of 81380
2023-03-14 10:40:30 current bw:  403.612 Mbps (32846 pkts/sec - 40.361 %) (current max: 81071 of 81380
2023-03-14 10:40:31 current bw:  995.992 Mbps (81054 pkts/sec - 99.599 %) (current max: 81071 of 81380
2023-03-14 10:40:32 current bw:  996.151 Mbps (81067 pkts/sec - 99.615 %) (current max: 81071 of 81380
2023-03-14 10:40:33 current bw:  996.004 Mbps (81055 pkts/sec - 99.601 %) (current max: 81071 of 81380
2023-03-14 10:40:34 current bw:  995.967 Mbps (81052 pkts/sec - 99.597 %) (current max: 81071 of 81380
2023-03-14 10:40:35 current bw:  996.188 Mbps (81070 pkts/sec - 99.619 %) (current max: 81071 of 81380
2023-03-14 10:40:36 current bw:  995.955 Mbps (81051 pkts/sec - 99.596 %) (current max: 81071 of 81380
2023-03-14 10:40:37 current bw:  996.176 Mbps (81069 pkts/sec - 99.618 %) (current max: 81071 of 81380
2023-03-14 10:40:38 current bw:  995.992 Mbps (81054 pkts/sec - 99.599 %) (current max: 81071 of 81380
2023-03-14 10:40:39 current bw:  996.164 Mbps (81068 pkts/sec - 99.617 %) (current max: 81071 of 81380
2023-03-14 10:40:40 current bw:  995.992 Mbps (81054 pkts/sec - 99.599 %) (current max: 81071 of 81380
2023-03-14 10:40:41 current bw:  996.188 Mbps (81070 pkts/sec - 99.619 %) (current max: 81071 of 81380
2023-03-14 10:40:42 current bw:  995.967 Mbps (81052 pkts/sec - 99.597 %) (current max: 81071 of 81380
2023-03-14 10:40:43 current bw:  996.164 Mbps (81068 pkts/sec - 99.617 %) (current max: 81071 of 81380
2023-03-14 10:40:44 current bw:  995.979 Mbps (81053 pkts/sec - 99.598 %) (current max: 81071 of 81380
2023-03-14 10:40:45 current bw:  996.004 Mbps (81055 pkts/sec - 99.601 %) (current max: 81071 of 81380
2023-03-14 10:40:46 current bw:  996.164 Mbps (81068 pkts/sec - 99.617 %) (current max: 81071 of 81380
2023-03-14 10:40:47 current bw:  995.979 Mbps (81053 pkts/sec - 99.598 %) (current max: 81071 of 81380
2023-03-14 10:40:48 current bw:  996.176 Mbps (81069 pkts/sec - 99.618 %) (current max: 81071 of 81380
2023-03-14 10:40:49 current bw:  995.992 Mbps (81054 pkts/sec - 99.599 %) (current max: 81071 of 81380
2023-03-14 10:40:50 current bw:  996.151 Mbps (81067 pkts/sec - 99.615 %) (current max: 81071 of 81380
2023-03-14 10:40:51 current bw:  995.979 Mbps (81053 pkts/sec - 99.598 %) (current max: 81071 of 81380
2023-03-14 10:40:52 current bw:  996.164 Mbps (81068 pkts/sec - 99.617 %) (current max: 81071 of 81380
2023-03-14 10:40:53 current bw:  995.992 Mbps (81054 pkts/sec - 99.599 %) (current max: 81071 of 81380
2023-03-14 10:40:54 current bw:  996.164 Mbps (81068 pkts/sec - 99.617 %) (current max: 81071 of 81380
2023-03-14 10:40:55 current bw:  995.992 Mbps (81054 pkts/sec - 99.599 %) (current max: 81071 of 81380
2023-03-14 10:40:56 current bw:  995.979 Mbps (81053 pkts/sec - 99.598 %) (current max: 81071 of 81380
2023-03-14 10:40:57 current bw:  996.200 Mbps (81071 pkts/sec - 99.620 %) (current max: 81071 of 81380
2023-03-14 10:40:58 current bw:  995.979 Mbps (81053 pkts/sec - 99.598 %) (current max: 81071 of 81380
2023-03-14 10:40:59 current bw:  996.188 Mbps (81070 pkts/sec - 99.619 %) (current max: 81071 of 81380
2023-03-14 10:41:00 current bw:  593.388 Mbps (48290 pkts/sec - 59.339 %) (current max: 81071 of 81380
2023-03-14 10:41:01 current bw:    0.000 Mbps (0 pkts/sec - 0.000 %) (current max: 81071 of 81380
2023-03-14 10:41:02 current bw:    0.000 Mbps (0 pkts/sec - 0.000 %) (current max: 81071 of 81380
2023-03-14 10:41:03 current bw:    0.000 Mbps (0 pkts/sec - 0.000 %) (current max: 81071 of 81380
2023-03-14 10:41:04 current bw:    0.000 Mbps (0 pkts/sec - 0.000 %) (current max: 81071 of 81380
2023-03-14 10:41:05 current bw:    0.000 Mbps (0 pkts/sec - 0.000 %) (current max: 81071 of 81380
2023-03-14 10:41:06 current bw:    0.000 Mbps (0 pkts/sec - 0.000 %) (current max: 81071 of 81380
2023-03-14 10:41:07 current bw:    0.000 Mbps (0 pkts/sec - 0.000 %) (current max: 81071 of 81380
2023-03-14 10:41:08 current bw:    0.000 Mbps (0 pkts/sec - 0.000 %) (current max: 81071 of 81380
2023-03-14 10:41:09 current bw:    0.000 Mbps (0 pkts/sec - 0.000 %) (current max: 81071 of 81380
2023-03-14 10:41:10 current bw:    0.000 Mbps (0 pkts/sec - 0.000 %) (current max: 81071 of 81380
2023-03-14 10:41:11 current bw:    0.000 Mbps (0 pkts/sec - 0.000 %) (current max: 81071 of 81380
2023-03-14 10:41:12 current bw:    0.000 Mbps (0 pkts/sec - 0.000 %) (current max: 81071 of 81380
2023-03-14 10:41:13 current bw:    0.000 Mbps (0 pkts/sec - 0.000 %) (current max: 81071 of 81380
2023-03-14 10:41:14 current bw:    0.000 Mbps (0 pkts/sec - 0.000 %) (current max: 81071 of 81380
2023-03-14 10:41:15 current bw:    0.000 Mbps (0 pkts/sec - 0.000 %) (current max: 81071 of 81380
2023-03-14 10:41:16 current bw:    0.000 Mbps (0 pkts/sec - 0.000 %) (current max: 81071 of 81380
2023-03-14 10:41:17 current bw:    0.000 Mbps (0 pkts/sec - 0.000 %) (current max: 81071 of 81380
2023-03-14 10:41:18 current bw:    0.000 Mbps (0 pkts/sec - 0.000 %) (current max: 81071 of 81380
2023-03-14 10:41:19 current bw:    0.000 Mbps (0 pkts/sec - 0.000 %) (current max: 81071 of 81380
2023-03-14 10:41:20 current bw:    0.000 Mbps (0 pkts/sec - 0.000 %) (current max: 81071 of 81380
2023-03-14 10:41:21 current bw:    0.000 Mbps (0 pkts/sec - 0.000 %) (current max: 81071 of 81380
2023-03-14 10:41:22 current bw:    0.000 Mbps (0 pkts/sec - 0.000 %) (current max: 81071 of 81380
2023-03-14 10:41:23 current bw:    0.000 Mbps (0 pkts/sec - 0.000 %) (current max: 81071 of 81380
2023-03-14 10:41:24 current bw:    0.000 Mbps (0 pkts/sec - 0.000 %) (current max: 81071 of 81380
2023-03-14 10:41:25 current bw:    0.000 Mbps (0 pkts/sec - 0.000 %) (current max: 81071 of 81380
2023-03-14 10:41:26 current bw:    0.000 Mbps (0 pkts/sec - 0.000 %) (current max: 81071 of 81380
2023-03-14 10:41:27 current bw:    0.000 Mbps (0 pkts/sec - 0.000 %) (current max: 81071 of 81380
2023-03-14 10:41:28 current bw:    0.000 Mbps (0 pkts/sec - 0.000 %) (current max: 81071 of 81380
2023-03-14 10:41:29 current bw:    0.000 Mbps (0 pkts/sec - 0.000 %) (current max: 81071 of 81380
2023-03-14 10:41:30 current bw:  404.398 Mbps (32910 pkts/sec - 40.440 %) (current max: 81071 of 81380
2023-03-14 10:41:31 current bw:  995.979 Mbps (81053 pkts/sec - 99.598 %) (current max: 81071 of 81380
2023-03-14 10:41:32 current bw:  996.176 Mbps (81069 pkts/sec - 99.618 %) (current max: 81071 of 81380
2023-03-14 10:41:33 current bw:  995.979 Mbps (81053 pkts/sec - 99.598 %) (current max: 81071 of 81380
2023-03-14 10:41:34 current bw:  996.176 Mbps (81069 pkts/sec - 99.618 %) (current max: 81071 of 81380
2023-03-14 10:41:35 current bw:  995.967 Mbps (81052 pkts/sec - 99.597 %) (current max: 81071 of 81380
2023-03-14 10:41:36 current bw:  996.176 Mbps (81069 pkts/sec - 99.618 %) (current max: 81071 of 81380
2023-03-14 10:41:37 current bw:  995.979 Mbps (81053 pkts/sec - 99.598 %) (current max: 81071 of 81380
2023-03-14 10:41:38 current bw:  996.004 Mbps (81055 pkts/sec - 99.601 %) (current max: 81071 of 81380
2023-03-14 10:41:39 current bw:  996.151 Mbps (81067 pkts/sec - 99.615 %) (current max: 81071 of 81380
2023-03-14 10:41:40 current bw:  995.979 Mbps (81053 pkts/sec - 99.598 %) (current max: 81071 of 81380
2023-03-14 10:41:41 current bw:  996.176 Mbps (81069 pkts/sec - 99.618 %) (current max: 81071 of 81380
2023-03-14 10:41:42 current bw:  995.979 Mbps (81053 pkts/sec - 99.598 %) (current max: 81071 of 81380
2023-03-14 10:41:43 current bw:  996.176 Mbps (81069 pkts/sec - 99.618 %) (current max: 81071 of 81380
2023-03-14 10:41:44 current bw:  995.967 Mbps (81052 pkts/sec - 99.597 %) (current max: 81071 of 81380
2023-03-14 10:41:45 current bw:  996.176 Mbps (81069 pkts/sec - 99.618 %) (current max: 81071 of 81380
2023-03-14 10:41:46 current bw:  995.979 Mbps (81053 pkts/sec - 99.598 %) (current max: 81071 of 81380
2023-03-14 10:41:47 current bw:  996.164 Mbps (81068 pkts/sec - 99.617 %) (current max: 81071 of 81380
2023-03-14 10:41:48 current bw:  996.004 Mbps (81055 pkts/sec - 99.601 %) (current max: 81071 of 81380
2023-03-14 10:41:49 current bw:  996.164 Mbps (81068 pkts/sec - 99.617 %) (current max: 81071 of 81380
2023-03-14 10:41:50 current bw:  995.660 Mbps (81027 pkts/sec - 99.566 %) (current max: 81071 of 81380
2023-03-14 10:41:51 current bw:  996.004 Mbps (81055 pkts/sec - 99.601 %) (current max: 81071 of 81380
2023-03-14 10:41:52 current bw:  996.151 Mbps (81067 pkts/sec - 99.615 %) (current max: 81071 of 81380
2023-03-14 10:41:53 current bw:  995.992 Mbps (81054 pkts/sec - 99.599 %) (current max: 81071 of 81380
2023-03-14 10:41:54 current bw:  996.164 Mbps (81068 pkts/sec - 99.617 %) (current max: 81071 of 81380
2023-03-14 10:41:55 current bw:  995.979 Mbps (81053 pkts/sec - 99.598 %) (current max: 81071 of 81380
2023-03-14 10:41:56 current bw:  996.176 Mbps (81069 pkts/sec - 99.618 %) (current max: 81071 of 81380
2023-03-14 10:41:57 current bw:  995.992 Mbps (81054 pkts/sec - 99.599 %) (current max: 81071 of 81380
2023-03-14 10:41:58 current bw:  996.164 Mbps (81068 pkts/sec - 99.617 %) (current max: 81071 of 81380
2023-03-14 10:41:59 current bw:  995.979 Mbps (81053 pkts/sec - 99.598 %) (current max: 81071 of 81380
2023-03-14 10:42:00 current bw:  592.269 Mbps (48199 pkts/sec - 59.227 %) (current max: 81071 of 81380
2023-03-14 10:42:01 current bw:    0.000 Mbps (0 pkts/sec - 0.000 %) (current max: 81071 of 81380
2023-03-14 10:42:02 current bw:    0.000 Mbps (0 pkts/sec - 0.000 %) (current max: 81071 of 81380
2023-03-14 10:42:03 current bw:    0.000 Mbps (0 pkts/sec - 0.000 %) (current max: 81071 of 81380
2023-03-14 10:42:04 current bw:    0.000 Mbps (0 pkts/sec - 0.000 %) (current max: 81071 of 81380
2023-03-14 10:42:05 current bw:    0.000 Mbps (0 pkts/sec - 0.000 %) (current max: 81071 of 81380
2023-03-14 10:42:06 current bw:    0.000 Mbps (0 pkts/sec - 0.000 %) (current max: 81071 of 81380
2023-03-14 10:42:07 current bw:    0.000 Mbps (0 pkts/sec - 0.000 %) (current max: 81071 of 81380
2023-03-14 10:42:08 current bw:    0.000 Mbps (0 pkts/sec - 0.000 %) (current max: 81071 of 81380
2023-03-14 10:42:09 current bw:    0.000 Mbps (0 pkts/sec - 0.000 %) (current max: 81071 of 81380
2023-03-14 10:42:10 current bw:    0.000 Mbps (0 pkts/sec - 0.000 %) (current max: 81071 of 81380
2023-03-14 10:42:11 current bw:    0.000 Mbps (0 pkts/sec - 0.000 %) (current max: 81071 of 81380
2023-03-14 10:42:12 current bw:    0.000 Mbps (0 pkts/sec - 0.000 %) (current max: 81071 of 81380
2023-03-14 10:42:13 current bw:    0.000 Mbps (0 pkts/sec - 0.000 %) (current max: 81071 of 81380
2023-03-14 10:42:14 current bw:    0.000 Mbps (0 pkts/sec - 0.000 %) (current max: 81071 of 81380
2023-03-14 10:42:15 current bw:    0.000 Mbps (0 pkts/sec - 0.000 %) (current max: 81071 of 81380
2023-03-14 10:42:16 current bw:    0.000 Mbps (0 pkts/sec - 0.000 %) (current max: 81071 of 81380
2023-03-14 10:42:17 current bw:    0.000 Mbps (0 pkts/sec - 0.000 %) (current max: 81071 of 81380
2023-03-14 10:42:18 current bw:    0.000 Mbps (0 pkts/sec - 0.000 %) (current max: 81071 of 81380
2023-03-14 10:42:19 current bw:    0.000 Mbps (0 pkts/sec - 0.000 %) (current max: 81071 of 81380
2023-03-14 10:42:20 current bw:    0.000 Mbps (0 pkts/sec - 0.000 %) (current max: 81071 of 81380
2023-03-14 10:42:21 current bw:    0.000 Mbps (0 pkts/sec - 0.000 %) (current max: 81071 of 81380
2023-03-14 10:42:22 current bw:    0.000 Mbps (0 pkts/sec - 0.000 %) (current max: 81071 of 81380
2023-03-14 10:42:23 current bw:    0.000 Mbps (0 pkts/sec - 0.000 %) (current max: 81071 of 81380
2023-03-14 10:42:24 current bw:    0.000 Mbps (0 pkts/sec - 0.000 %) (current max: 81071 of 81380
2023-03-14 10:42:25 current bw:    0.000 Mbps (0 pkts/sec - 0.000 %) (current max: 81071 of 81380
2023-03-14 10:42:26 current bw:    0.000 Mbps (0 pkts/sec - 0.000 %) (current max: 81071 of 81380
2023-03-14 10:42:27 current bw:    0.000 Mbps (0 pkts/sec - 0.000 %) (current max: 81071 of 81380
2023-03-14 10:42:28 current bw:    0.000 Mbps (0 pkts/sec - 0.000 %) (current max: 81071 of 81380
2023-03-14 10:42:29 current bw:    0.000 Mbps (0 pkts/sec - 0.000 %) (current max: 81071 of 81380
2023-03-14 10:42:30 current bw:  405.135 Mbps (32970 pkts/sec - 40.514 %) (current max: 81071 of 81380
2023-03-14 10:42:31 current bw:  995.992 Mbps (81054 pkts/sec - 99.599 %) (current max: 81071 of 81380
2023-03-14 10:42:32 current bw:  996.164 Mbps (81068 pkts/sec - 99.617 %) (current max: 81071 of 81380
2023-03-14 10:42:33 current bw:  995.992 Mbps (81054 pkts/sec - 99.599 %) (current max: 81071 of 81380
2023-03-14 10:42:34 current bw:  996.164 Mbps (81068 pkts/sec - 99.617 %) (current max: 81071 of 81380
2023-03-14 10:42:35 current bw:  995.992 Mbps (81054 pkts/sec - 99.599 %) (current max: 81071 of 81380
2023-03-14 10:42:36 current bw:  996.164 Mbps (81068 pkts/sec - 99.617 %) (current max: 81071 of 81380
2023-03-14 10:42:37 current bw:  995.992 Mbps (81054 pkts/sec - 99.599 %) (current max: 81071 of 81380
2023-03-14 10:42:38 current bw:  996.188 Mbps (81070 pkts/sec - 99.619 %) (current max: 81071 of 81380
2023-03-14 10:42:39 current bw:  995.967 Mbps (81052 pkts/sec - 99.597 %) (current max: 81071 of 81380
2023-03-14 10:42:40 current bw:  996.065 Mbps (81060 pkts/sec - 99.607 %) (current max: 81071 of 81380
2023-03-14 10:42:41 current bw:  996.102 Mbps (81063 pkts/sec - 99.610 %) (current max: 81071 of 81380
2023-03-14 10:42:42 current bw:  995.992 Mbps (81054 pkts/sec - 99.599 %) (current max: 81071 of 81380
2023-03-14 10:42:43 current bw:  996.188 Mbps (81070 pkts/sec - 99.619 %) (current max: 81071 of 81380
2023-03-14 10:42:44 current bw:  995.967 Mbps (81052 pkts/sec - 99.597 %) (current max: 81071 of 81380
2023-03-14 10:42:45 current bw:  996.164 Mbps (81068 pkts/sec - 99.617 %) (current max: 81071 of 81380
2023-03-14 10:42:46 current bw:  995.967 Mbps (81052 pkts/sec - 99.597 %) (current max: 81071 of 81380
2023-03-14 10:42:47 current bw:  996.188 Mbps (81070 pkts/sec - 99.619 %) (current max: 81071 of 81380
2023-03-14 10:42:48 current bw:  995.967 Mbps (81052 pkts/sec - 99.597 %) (current max: 81071 of 81380
2023-03-14 10:42:49 current bw:  996.188 Mbps (81070 pkts/sec - 99.619 %) (current max: 81071 of 81380
2023-03-14 10:42:50 current bw:  995.967 Mbps (81052 pkts/sec - 99.597 %) (current max: 81071 of 81380
2023-03-14 10:42:51 current bw:  996.151 Mbps (81067 pkts/sec - 99.615 %) (current max: 81071 of 81380
2023-03-14 10:42:52 current bw:  995.979 Mbps (81053 pkts/sec - 99.598 %) (current max: 81071 of 81380
2023-03-14 10:42:53 current bw:  996.176 Mbps (81069 pkts/sec - 99.618 %) (current max: 81071 of 81380
2023-03-14 10:42:54 current bw:  995.992 Mbps (81054 pkts/sec - 99.599 %) (current max: 81071 of 81380
2023-03-14 10:42:55 current bw:  996.004 Mbps (81055 pkts/sec - 99.601 %) (current max: 81071 of 81380
2023-03-14 10:42:56 current bw:  996.176 Mbps (81069 pkts/sec - 99.618 %) (current max: 81071 of 81380
2023-03-14 10:42:57 current bw:  995.992 Mbps (81054 pkts/sec - 99.599 %) (current max: 81071 of 81380
2023-03-14 10:42:58 current bw:  996.188 Mbps (81070 pkts/sec - 99.619 %) (current max: 81071 of 81380
2023-03-14 10:42:59 current bw:  996.004 Mbps (81055 pkts/sec - 99.601 %) (current max: 81071 of 81380
2023-03-14 10:43:00 current bw:  591.409 Mbps (48129 pkts/sec - 59.141 %) (current max: 81071 of 81380
2023-03-14 10:43:01 current bw:    0.000 Mbps (0 pkts/sec - 0.000 %) (current max: 81071 of 81380
2023-03-14 10:43:02 current bw:    0.000 Mbps (0 pkts/sec - 0.000 %) (current max: 81071 of 81380
2023-03-14 10:43:03 current bw:    0.000 Mbps (0 pkts/sec - 0.000 %) (current max: 81071 of 81380
2023-03-14 10:43:04 current bw:    0.000 Mbps (0 pkts/sec - 0.000 %) (current max: 81071 of 81380
2023-03-14 10:43:05 current bw:    0.000 Mbps (0 pkts/sec - 0.000 %) (current max: 81071 of 81380
2023-03-14 10:43:06 current bw:    0.000 Mbps (0 pkts/sec - 0.000 %) (current max: 81071 of 81380
2023-03-14 10:43:07 current bw:    0.000 Mbps (0 pkts/sec - 0.000 %) (current max: 81071 of 81380
2023-03-14 10:43:08 current bw:    0.000 Mbps (0 pkts/sec - 0.000 %) (current max: 81071 of 81380
2023-03-14 10:43:09 current bw:    0.000 Mbps (0 pkts/sec - 0.000 %) (current max: 81071 of 81380
2023-03-14 10:43:10 current bw:    0.000 Mbps (0 pkts/sec - 0.000 %) (current max: 81071 of 81380
2023-03-14 10:43:11 current bw:    0.000 Mbps (0 pkts/sec - 0.000 %) (current max: 81071 of 81380
2023-03-14 10:43:12 current bw:    0.000 Mbps (0 pkts/sec - 0.000 %) (current max: 81071 of 81380
2023-03-14 10:43:13 current bw:    0.000 Mbps (0 pkts/sec - 0.000 %) (current max: 81071 of 81380
2023-03-14 10:43:14 current bw:    0.000 Mbps (0 pkts/sec - 0.000 %) (current max: 81071 of 81380
2023-03-14 10:43:15 current bw:    0.000 Mbps (0 pkts/sec - 0.000 %) (current max: 81071 of 81380
2023-03-14 10:43:16 current bw:    0.000 Mbps (0 pkts/sec - 0.000 %) (current max: 81071 of 81380
2023-03-14 10:43:17 current bw:    0.000 Mbps (0 pkts/sec - 0.000 %) (current max: 81071 of 81380
2023-03-14 10:43:18 current bw:    0.000 Mbps (0 pkts/sec - 0.000 %) (current max: 81071 of 81380
2023-03-14 10:43:19 current bw:    0.000 Mbps (0 pkts/sec - 0.000 %) (current max: 81071 of 81380
2023-03-14 10:43:20 current bw:    0.000 Mbps (0 pkts/sec - 0.000 %) (current max: 81071 of 81380
2023-03-14 10:43:21 current bw:    0.000 Mbps (0 pkts/sec - 0.000 %) (current max: 81071 of 81380
2023-03-14 10:43:22 current bw:    0.000 Mbps (0 pkts/sec - 0.000 %) (current max: 81071 of 81380
2023-03-14 10:43:23 current bw:    0.000 Mbps (0 pkts/sec - 0.000 %) (current max: 81071 of 81380
2023-03-14 10:43:24 current bw:    0.000 Mbps (0 pkts/sec - 0.000 %) (current max: 81071 of 81380
2023-03-14 10:43:25 current bw:    0.000 Mbps (0 pkts/sec - 0.000 %) (current max: 81071 of 81380
2023-03-14 10:43:26 current bw:    0.000 Mbps (0 pkts/sec - 0.000 %) (current max: 81071 of 81380
2023-03-14 10:43:27 current bw:    0.000 Mbps (0 pkts/sec - 0.000 %) (current max: 81071 of 81380
2023-03-14 10:43:28 current bw:    0.000 Mbps (0 pkts/sec - 0.000 %) (current max: 81071 of 81380
2023-03-14 10:43:29 current bw:    0.000 Mbps (0 pkts/sec - 0.000 %) (current max: 81071 of 81380
2023-03-14 10:43:30 current bw:  406.106 Mbps (33049 pkts/sec - 40.611 %) (current max: 81071 of 81380
2023-03-14 10:43:31 current bw:  995.992 Mbps (81054 pkts/sec - 99.599 %) (current max: 81071 of 81380
2023-03-14 10:43:32 current bw:  995.979 Mbps (81053 pkts/sec - 99.598 %) (current max: 81071 of 81380
2023-03-14 10:43:33 current bw:  996.176 Mbps (81069 pkts/sec - 99.618 %) (current max: 81071 of 81380
2023-03-14 10:43:34 current bw:  995.979 Mbps (81053 pkts/sec - 99.598 %) (current max: 81071 of 81380
2023-03-14 10:43:35 current bw:  996.176 Mbps (81069 pkts/sec - 99.618 %) (current max: 81071 of 81380
2023-03-14 10:43:36 current bw:  995.992 Mbps (81054 pkts/sec - 99.599 %) (current max: 81071 of 81380
2023-03-14 10:43:37 current bw:  996.188 Mbps (81070 pkts/sec - 99.619 %) (current max: 81071 of 81380
2023-03-14 10:43:38 current bw:  996.004 Mbps (81055 pkts/sec - 99.601 %) (current max: 81071 of 81380
2023-03-14 10:43:39 current bw:  995.979 Mbps (81053 pkts/sec - 99.598 %) (current max: 81071 of 81380
2023-03-14 10:43:40 current bw:  996.188 Mbps (81070 pkts/sec - 99.619 %) (current max: 81071 of 81380
2023-03-14 10:43:41 current bw:  995.967 Mbps (81052 pkts/sec - 99.597 %) (current max: 81071 of 81380
2023-03-14 10:43:42 current bw:  996.164 Mbps (81068 pkts/sec - 99.617 %) (current max: 81071 of 81380
2023-03-14 10:43:43 current bw:  995.967 Mbps (81052 pkts/sec - 99.597 %) (current max: 81071 of 81380
2023-03-14 10:43:44 current bw:  996.188 Mbps (81070 pkts/sec - 99.619 %) (current max: 81071 of 81380
2023-03-14 10:43:45 current bw:  995.992 Mbps (81054 pkts/sec - 99.599 %) (current max: 81071 of 81380
2023-03-14 10:43:46 current bw:  996.151 Mbps (81067 pkts/sec - 99.615 %) (current max: 81071 of 81380
2023-03-14 10:43:47 current bw:  995.979 Mbps (81053 pkts/sec - 99.598 %) (current max: 81071 of 81380
2023-03-14 10:43:48 current bw:  996.151 Mbps (81067 pkts/sec - 99.615 %) (current max: 81071 of 81380
2023-03-14 10:43:49 current bw:  996.016 Mbps (81056 pkts/sec - 99.602 %) (current max: 81071 of 81380
2023-03-14 10:43:50 current bw:  995.992 Mbps (81054 pkts/sec - 99.599 %) (current max: 81071 of 81380
2023-03-14 10:43:51 current bw:  996.176 Mbps (81069 pkts/sec - 99.618 %) (current max: 81071 of 81380
2023-03-14 10:43:52 current bw:  996.004 Mbps (81055 pkts/sec - 99.601 %) (current max: 81071 of 81380
2023-03-14 10:43:53 current bw:  996.188 Mbps (81070 pkts/sec - 99.619 %) (current max: 81071 of 81380
2023-03-14 10:43:54 current bw:  995.992 Mbps (81054 pkts/sec - 99.599 %) (current max: 81071 of 81380
2023-03-14 10:43:55 current bw:  996.102 Mbps (81063 pkts/sec - 99.610 %) (current max: 81071 of 81380
2023-03-14 10:43:56 current bw:  996.041 Mbps (81058 pkts/sec - 99.604 %) (current max: 81071 of 81380
2023-03-14 10:43:57 current bw:  996.028 Mbps (81057 pkts/sec - 99.603 %) (current max: 81071 of 81380
2023-03-14 10:43:58 current bw:  996.114 Mbps (81064 pkts/sec - 99.612 %) (current max: 81071 of 81380
2023-03-14 10:43:59 current bw:  995.992 Mbps (81054 pkts/sec - 99.599 %) (current max: 81071 of 81380
2023-03-14 10:44:00 current bw:  591.127 Mbps (48106 pkts/sec - 59.113 %) (current max: 81071 of 81380
2023-03-14 10:44:01 current bw:    0.000 Mbps (0 pkts/sec - 0.000 %) (current max: 81071 of 81380
2023-03-14 10:44:02 current bw:    0.000 Mbps (0 pkts/sec - 0.000 %) (current max: 81071 of 81380
2023-03-14 10:44:03 current bw:    0.000 Mbps (0 pkts/sec - 0.000 %) (current max: 81071 of 81380
2023-03-14 10:44:04 current bw:    0.000 Mbps (0 pkts/sec - 0.000 %) (current max: 81071 of 81380
2023-03-14 10:44:05 current bw:    0.000 Mbps (0 pkts/sec - 0.000 %) (current max: 81071 of 81380
2023-03-14 10:44:06 current bw:    0.000 Mbps (0 pkts/sec - 0.000 %) (current max: 81071 of 81380
2023-03-14 10:44:07 current bw:    0.000 Mbps (0 pkts/sec - 0.000 %) (current max: 81071 of 81380
2023-03-14 10:44:08 current bw:    0.000 Mbps (0 pkts/sec - 0.000 %) (current max: 81071 of 81380
2023-03-14 10:44:09 current bw:    0.000 Mbps (0 pkts/sec - 0.000 %) (current max: 81071 of 81380
2023-03-14 10:44:10 current bw:    0.000 Mbps (0 pkts/sec - 0.000 %) (current max: 81071 of 81380
2023-03-14 10:44:11 current bw:    0.000 Mbps (0 pkts/sec - 0.000 %) (current max: 81071 of 81380
2023-03-14 10:44:12 current bw:    0.000 Mbps (0 pkts/sec - 0.000 %) (current max: 81071 of 81380
2023-03-14 10:44:13 current bw:    0.000 Mbps (0 pkts/sec - 0.000 %) (current max: 81071 of 81380
2023-03-14 10:44:14 current bw:    0.000 Mbps (0 pkts/sec - 0.000 %) (current max: 81071 of 81380
2023-03-14 10:44:15 current bw:    0.000 Mbps (0 pkts/sec - 0.000 %) (current max: 81071 of 81380
2023-03-14 10:44:16 current bw:    0.000 Mbps (0 pkts/sec - 0.000 %) (current max: 81071 of 81380
2023-03-14 10:44:17 current bw:    0.000 Mbps (0 pkts/sec - 0.000 %) (current max: 81071 of 81380
2023-03-14 10:44:18 current bw:    0.000 Mbps (0 pkts/sec - 0.000 %) (current max: 81071 of 81380
2023-03-14 10:44:19 current bw:    0.000 Mbps (0 pkts/sec - 0.000 %) (current max: 81071 of 81380
2023-03-14 10:44:20 current bw:    0.000 Mbps (0 pkts/sec - 0.000 %) (current max: 81071 of 81380
2023-03-14 10:44:21 current bw:    0.000 Mbps (0 pkts/sec - 0.000 %) (current max: 81071 of 81380
2023-03-14 10:44:22 current bw:    0.000 Mbps (0 pkts/sec - 0.000 %) (current max: 81071 of 81380
2023-03-14 10:44:23 current bw:    0.000 Mbps (0 pkts/sec - 0.000 %) (current max: 81071 of 81380
2023-03-14 10:44:24 current bw:    0.000 Mbps (0 pkts/sec - 0.000 %) (current max: 81071 of 81380
2023-03-14 10:44:25 current bw:    0.000 Mbps (0 pkts/sec - 0.000 %) (current max: 81071 of 81380
2023-03-14 10:44:26 current bw:    0.000 Mbps (0 pkts/sec - 0.000 %) (current max: 81071 of 81380
2023-03-14 10:44:27 current bw:    0.000 Mbps (0 pkts/sec - 0.000 %) (current max: 81071 of 81380
2023-03-14 10:44:28 current bw:    0.000 Mbps (0 pkts/sec - 0.000 %) (current max: 81071 of 81380
2023-03-14 10:44:29 current bw:    0.000 Mbps (0 pkts/sec - 0.000 %) (current max: 81071 of 81380
2023-03-14 10:44:30 current bw:  406.856 Mbps (33110 pkts/sec - 40.686 %) (current max: 81071 of 81380
2023-03-14 10:44:31 current bw:  996.004 Mbps (81055 pkts/sec - 99.601 %) (current max: 81071 of 81380
2023-03-14 10:44:32 current bw:  996.151 Mbps (81067 pkts/sec - 99.615 %) (current max: 81071 of 81380
2023-03-14 10:44:33 current bw:  995.979 Mbps (81053 pkts/sec - 99.598 %) (current max: 81071 of 81380
2023-03-14 10:44:34 current bw:  996.176 Mbps (81069 pkts/sec - 99.618 %) (current max: 81071 of 81380
2023-03-14 10:44:35 current bw:  996.004 Mbps (81055 pkts/sec - 99.601 %) (current max: 81071 of 81380
2023-03-14 10:44:36 current bw:  996.151 Mbps (81067 pkts/sec - 99.615 %) (current max: 81071 of 81380
2023-03-14 10:44:37 current bw:  995.979 Mbps (81053 pkts/sec - 99.598 %) (current max: 81071 of 81380
2023-03-14 10:44:38 current bw:  996.004 Mbps (81055 pkts/sec - 99.601 %) (current max: 81071 of 81380
2023-03-14 10:44:39 current bw:  996.188 Mbps (81070 pkts/sec - 99.619 %) (current max: 81071 of 81380
2023-03-14 10:44:40 current bw:  995.979 Mbps (81053 pkts/sec - 99.598 %) (current max: 81071 of 81380
2023-03-14 10:44:41 current bw:  966.808 Mbps (78679 pkts/sec - 96.681 %) (current max: 81071 of 81380
2023-03-14 10:44:42 current bw:  996.164 Mbps (81068 pkts/sec - 99.617 %) (current max: 81071 of 81380
Terminator received, closing
2023-03-14 10:44:43 current bw:  116.355 Mbps (9469 pkts/sec - 11.636 %) (current max: 81071 of 81380
Ran for 314.318 sec
Received 13169836 packets
Packet size: 1470 bytes (excl. header)
Avg BW: -43.779 Mbps
Max frames/sec seen: 81071
Max link util: 98.582%
