Running Receiver
Sending 1470 bytes in each frame to 
Socket: 3
2023-03-14 10:18:58 current bw:    0.000 Mbps (0 pkts/sec - 0.000 %) (current max: 0 of 81380
2023-03-14 10:18:59 current bw:    0.000 Mbps (0 pkts/sec - 0.000 %) (current max: 0 of 81380
2023-03-14 10:19:00 current bw:   81.002 Mbps (6592 pkts/sec - 8.100 %) (current max: 6592 of 81380
2023-03-14 10:19:01 current bw:  995.930 Mbps (81049 pkts/sec - 99.593 %) (current max: 81049 of 81380
2023-03-14 10:19:02 current bw:  996.176 Mbps (81069 pkts/sec - 99.618 %) (current max: 81069 of 81380
2023-03-14 10:19:03 current bw:  995.992 Mbps (81054 pkts/sec - 99.599 %) (current max: 81069 of 81380
2023-03-14 10:19:04 current bw:  996.176 Mbps (81069 pkts/sec - 99.618 %) (current max: 81069 of 81380
2023-03-14 10:19:05 current bw:  995.992 Mbps (81054 pkts/sec - 99.599 %) (current max: 81069 of 81380
2023-03-14 10:19:06 current bw:  995.979 Mbps (81053 pkts/sec - 99.598 %) (current max: 81069 of 81380
2023-03-14 10:19:07 current bw:  996.176 Mbps (81069 pkts/sec - 99.618 %) (current max: 81069 of 81380
2023-03-14 10:19:08 current bw:  995.955 Mbps (81051 pkts/sec - 99.596 %) (current max: 81069 of 81380
2023-03-14 10:19:09 current bw:  996.176 Mbps (81069 pkts/sec - 99.618 %) (current max: 81069 of 81380
2023-03-14 10:19:10 current bw:  995.992 Mbps (81054 pkts/sec - 99.599 %) (current max: 81069 of 81380
2023-03-14 10:19:11 current bw:  996.164 Mbps (81068 pkts/sec - 99.617 %) (current max: 81069 of 81380
2023-03-14 10:19:12 current bw:  995.955 Mbps (81051 pkts/sec - 99.596 %) (current max: 81069 of 81380
2023-03-14 10:19:13 current bw:  996.176 Mbps (81069 pkts/sec - 99.618 %) (current max: 81069 of 81380
2023-03-14 10:19:14 current bw:  995.979 Mbps (81053 pkts/sec - 99.598 %) (current max: 81069 of 81380
2023-03-14 10:19:15 current bw:  996.200 Mbps (81071 pkts/sec - 99.620 %) (current max: 81071 of 81380
2023-03-14 10:19:16 current bw:  992.821 Mbps (80796 pkts/sec - 99.282 %) (current max: 81071 of 81380
2023-03-14 10:19:17 current bw:  995.992 Mbps (81054 pkts/sec - 99.599 %) (current max: 81071 of 81380
2023-03-14 10:19:18 current bw:  996.200 Mbps (81071 pkts/sec - 99.620 %) (current max: 81071 of 81380
2023-03-14 10:19:19 current bw:  995.979 Mbps (81053 pkts/sec - 99.598 %) (current max: 81071 of 81380
2023-03-14 10:19:20 current bw:  996.213 Mbps (81072 pkts/sec - 99.622 %) (current max: 81072 of 81380
2023-03-14 10:19:21 current bw:  995.942 Mbps (81050 pkts/sec - 99.594 %) (current max: 81072 of 81380
2023-03-14 10:19:22 current bw:  995.242 Mbps (80993 pkts/sec - 99.524 %) (current max: 81072 of 81380
2023-03-14 10:19:23 current bw:  995.992 Mbps (81054 pkts/sec - 99.599 %) (current max: 81072 of 81380
2023-03-14 10:19:24 current bw:  996.139 Mbps (81066 pkts/sec - 99.614 %) (current max: 81072 of 81380
2023-03-14 10:19:25 current bw:  995.992 Mbps (81054 pkts/sec - 99.599 %) (current max: 81072 of 81380
2023-03-14 10:19:26 current bw:  996.065 Mbps (81060 pkts/sec - 99.607 %) (current max: 81072 of 81380
2023-03-14 10:19:27 current bw:  996.090 Mbps (81062 pkts/sec - 99.609 %) (current max: 81072 of 81380
2023-03-14 10:19:28 current bw:  995.979 Mbps (81053 pkts/sec - 99.598 %) (current max: 81072 of 81380
2023-03-14 10:19:29 current bw:  996.176 Mbps (81069 pkts/sec - 99.618 %) (current max: 81072 of 81380
2023-03-14 10:19:30 current bw:  915.911 Mbps (74537 pkts/sec - 91.591 %) (current max: 81072 of 81380
2023-03-14 10:19:31 current bw:    0.000 Mbps (0 pkts/sec - 0.000 %) (current max: 81072 of 81380
2023-03-14 10:19:32 current bw:    0.000 Mbps (0 pkts/sec - 0.000 %) (current max: 81072 of 81380
2023-03-14 10:19:33 current bw:    0.000 Mbps (0 pkts/sec - 0.000 %) (current max: 81072 of 81380
2023-03-14 10:19:34 current bw:    0.000 Mbps (0 pkts/sec - 0.000 %) (current max: 81072 of 81380
2023-03-14 10:19:35 current bw:    0.000 Mbps (0 pkts/sec - 0.000 %) (current max: 81072 of 81380
2023-03-14 10:19:36 current bw:    0.000 Mbps (0 pkts/sec - 0.000 %) (current max: 81072 of 81380
2023-03-14 10:19:37 current bw:    0.000 Mbps (0 pkts/sec - 0.000 %) (current max: 81072 of 81380
2023-03-14 10:19:38 current bw:    0.000 Mbps (0 pkts/sec - 0.000 %) (current max: 81072 of 81380
2023-03-14 10:19:39 current bw:    0.000 Mbps (0 pkts/sec - 0.000 %) (current max: 81072 of 81380
2023-03-14 10:19:40 current bw:    0.000 Mbps (0 pkts/sec - 0.000 %) (current max: 81072 of 81380
2023-03-14 10:19:41 current bw:    0.000 Mbps (0 pkts/sec - 0.000 %) (current max: 81072 of 81380
2023-03-14 10:19:42 current bw:    0.000 Mbps (0 pkts/sec - 0.000 %) (current max: 81072 of 81380
2023-03-14 10:19:43 current bw:    0.000 Mbps (0 pkts/sec - 0.000 %) (current max: 81072 of 81380
2023-03-14 10:19:44 current bw:    0.000 Mbps (0 pkts/sec - 0.000 %) (current max: 81072 of 81380
2023-03-14 10:19:45 current bw:    0.000 Mbps (0 pkts/sec - 0.000 %) (current max: 81072 of 81380
2023-03-14 10:19:46 current bw:    0.000 Mbps (0 pkts/sec - 0.000 %) (current max: 81072 of 81380
2023-03-14 10:19:47 current bw:    0.000 Mbps (0 pkts/sec - 0.000 %) (current max: 81072 of 81380
2023-03-14 10:19:48 current bw:    0.000 Mbps (0 pkts/sec - 0.000 %) (current max: 81072 of 81380
2023-03-14 10:19:49 current bw:    0.000 Mbps (0 pkts/sec - 0.000 %) (current max: 81072 of 81380
2023-03-14 10:19:50 current bw:    0.000 Mbps (0 pkts/sec - 0.000 %) (current max: 81072 of 81380
2023-03-14 10:19:51 current bw:    0.000 Mbps (0 pkts/sec - 0.000 %) (current max: 81072 of 81380
2023-03-14 10:19:52 current bw:    0.000 Mbps (0 pkts/sec - 0.000 %) (current max: 81072 of 81380
2023-03-14 10:19:53 current bw:    0.000 Mbps (0 pkts/sec - 0.000 %) (current max: 81072 of 81380
2023-03-14 10:19:54 current bw:    0.000 Mbps (0 pkts/sec - 0.000 %) (current max: 81072 of 81380
2023-03-14 10:19:55 current bw:    0.000 Mbps (0 pkts/sec - 0.000 %) (current max: 81072 of 81380
2023-03-14 10:19:56 current bw:    0.000 Mbps (0 pkts/sec - 0.000 %) (current max: 81072 of 81380
2023-03-14 10:19:57 current bw:    0.000 Mbps (0 pkts/sec - 0.000 %) (current max: 81072 of 81380
2023-03-14 10:19:58 current bw:    0.000 Mbps (0 pkts/sec - 0.000 %) (current max: 81072 of 81380
2023-03-14 10:19:59 current bw:    0.000 Mbps (0 pkts/sec - 0.000 %) (current max: 81072 of 81380
2023-03-14 10:20:00 current bw:   81.396 Mbps (6624 pkts/sec - 8.140 %) (current max: 81072 of 81380
2023-03-14 10:20:01 current bw:  996.164 Mbps (81068 pkts/sec - 99.617 %) (current max: 81072 of 81380
2023-03-14 10:20:02 current bw:  995.992 Mbps (81054 pkts/sec - 99.599 %) (current max: 81072 of 81380
2023-03-14 10:20:03 current bw:  996.151 Mbps (81067 pkts/sec - 99.615 %) (current max: 81072 of 81380
2023-03-14 10:20:04 current bw:  995.992 Mbps (81054 pkts/sec - 99.599 %) (current max: 81072 of 81380
2023-03-14 10:20:05 current bw:  995.992 Mbps (81054 pkts/sec - 99.599 %) (current max: 81072 of 81380
2023-03-14 10:20:06 current bw:  996.188 Mbps (81070 pkts/sec - 99.619 %) (current max: 81072 of 81380
2023-03-14 10:20:07 current bw:  995.992 Mbps (81054 pkts/sec - 99.599 %) (current max: 81072 of 81380
2023-03-14 10:20:08 current bw:  996.176 Mbps (81069 pkts/sec - 99.618 %) (current max: 81072 of 81380
2023-03-14 10:20:09 current bw:  995.992 Mbps (81054 pkts/sec - 99.599 %) (current max: 81072 of 81380
2023-03-14 10:20:10 current bw:  996.016 Mbps (81056 pkts/sec - 99.602 %) (current max: 81072 of 81380
2023-03-14 10:20:11 current bw:  996.127 Mbps (81065 pkts/sec - 99.613 %) (current max: 81072 of 81380
2023-03-14 10:20:12 current bw:  996.041 Mbps (81058 pkts/sec - 99.604 %) (current max: 81072 of 81380
2023-03-14 10:20:13 current bw:  996.114 Mbps (81064 pkts/sec - 99.612 %) (current max: 81072 of 81380
2023-03-14 10:20:14 current bw:  995.992 Mbps (81054 pkts/sec - 99.599 %) (current max: 81072 of 81380
2023-03-14 10:20:15 current bw:  996.164 Mbps (81068 pkts/sec - 99.617 %) (current max: 81072 of 81380
2023-03-14 10:20:16 current bw:  995.992 Mbps (81054 pkts/sec - 99.599 %) (current max: 81072 of 81380
2023-03-14 10:20:17 current bw:  996.164 Mbps (81068 pkts/sec - 99.617 %) (current max: 81072 of 81380
2023-03-14 10:20:18 current bw:  996.004 Mbps (81055 pkts/sec - 99.601 %) (current max: 81072 of 81380
2023-03-14 10:20:19 current bw:  996.164 Mbps (81068 pkts/sec - 99.617 %) (current max: 81072 of 81380
2023-03-14 10:20:20 current bw:  995.979 Mbps (81053 pkts/sec - 99.598 %) (current max: 81072 of 81380
2023-03-14 10:20:21 current bw:  996.139 Mbps (81066 pkts/sec - 99.614 %) (current max: 81072 of 81380
2023-03-14 10:20:22 current bw:  996.016 Mbps (81056 pkts/sec - 99.602 %) (current max: 81072 of 81380
2023-03-14 10:20:23 current bw:  996.004 Mbps (81055 pkts/sec - 99.601 %) (current max: 81072 of 81380
2023-03-14 10:20:24 current bw:  996.176 Mbps (81069 pkts/sec - 99.618 %) (current max: 81072 of 81380
2023-03-14 10:20:25 current bw:  995.992 Mbps (81054 pkts/sec - 99.599 %) (current max: 81072 of 81380
2023-03-14 10:20:26 current bw:  996.188 Mbps (81070 pkts/sec - 99.619 %) (current max: 81072 of 81380
2023-03-14 10:20:27 current bw:  995.992 Mbps (81054 pkts/sec - 99.599 %) (current max: 81072 of 81380
2023-03-14 10:20:28 current bw:  995.992 Mbps (81054 pkts/sec - 99.599 %) (current max: 81072 of 81380
2023-03-14 10:20:29 current bw:  996.176 Mbps (81069 pkts/sec - 99.618 %) (current max: 81072 of 81380
2023-03-14 10:20:30 current bw:  914.190 Mbps (74397 pkts/sec - 91.419 %) (current max: 81072 of 81380
2023-03-14 10:20:31 current bw:    0.000 Mbps (0 pkts/sec - 0.000 %) (current max: 81072 of 81380
2023-03-14 10:20:32 current bw:    0.000 Mbps (0 pkts/sec - 0.000 %) (current max: 81072 of 81380
2023-03-14 10:20:33 current bw:    0.000 Mbps (0 pkts/sec - 0.000 %) (current max: 81072 of 81380
2023-03-14 10:20:34 current bw:    0.000 Mbps (0 pkts/sec - 0.000 %) (current max: 81072 of 81380
2023-03-14 10:20:35 current bw:    0.000 Mbps (0 pkts/sec - 0.000 %) (current max: 81072 of 81380
2023-03-14 10:20:36 current bw:    0.000 Mbps (0 pkts/sec - 0.000 %) (current max: 81072 of 81380
2023-03-14 10:20:37 current bw:    0.000 Mbps (0 pkts/sec - 0.000 %) (current max: 81072 of 81380
2023-03-14 10:20:38 current bw:    0.000 Mbps (0 pkts/sec - 0.000 %) (current max: 81072 of 81380
2023-03-14 10:20:39 current bw:    0.000 Mbps (0 pkts/sec - 0.000 %) (current max: 81072 of 81380
2023-03-14 10:20:40 current bw:    0.000 Mbps (0 pkts/sec - 0.000 %) (current max: 81072 of 81380
2023-03-14 10:20:41 current bw:    0.000 Mbps (0 pkts/sec - 0.000 %) (current max: 81072 of 81380
2023-03-14 10:20:42 current bw:    0.000 Mbps (0 pkts/sec - 0.000 %) (current max: 81072 of 81380
2023-03-14 10:20:43 current bw:    0.000 Mbps (0 pkts/sec - 0.000 %) (current max: 81072 of 81380
2023-03-14 10:20:44 current bw:    0.000 Mbps (0 pkts/sec - 0.000 %) (current max: 81072 of 81380
2023-03-14 10:20:45 current bw:    0.000 Mbps (0 pkts/sec - 0.000 %) (current max: 81072 of 81380
2023-03-14 10:20:46 current bw:    0.000 Mbps (0 pkts/sec - 0.000 %) (current max: 81072 of 81380
2023-03-14 10:20:47 current bw:    0.000 Mbps (0 pkts/sec - 0.000 %) (current max: 81072 of 81380
2023-03-14 10:20:48 current bw:    0.000 Mbps (0 pkts/sec - 0.000 %) (current max: 81072 of 81380
2023-03-14 10:20:49 current bw:    0.000 Mbps (0 pkts/sec - 0.000 %) (current max: 81072 of 81380
2023-03-14 10:20:50 current bw:    0.000 Mbps (0 pkts/sec - 0.000 %) (current max: 81072 of 81380
2023-03-14 10:20:51 current bw:    0.000 Mbps (0 pkts/sec - 0.000 %) (current max: 81072 of 81380
2023-03-14 10:20:52 current bw:    0.000 Mbps (0 pkts/sec - 0.000 %) (current max: 81072 of 81380
2023-03-14 10:20:53 current bw:    0.000 Mbps (0 pkts/sec - 0.000 %) (current max: 81072 of 81380
2023-03-14 10:20:54 current bw:    0.000 Mbps (0 pkts/sec - 0.000 %) (current max: 81072 of 81380
2023-03-14 10:20:55 current bw:    0.000 Mbps (0 pkts/sec - 0.000 %) (current max: 81072 of 81380
2023-03-14 10:20:56 current bw:    0.000 Mbps (0 pkts/sec - 0.000 %) (current max: 81072 of 81380
2023-03-14 10:20:57 current bw:    0.000 Mbps (0 pkts/sec - 0.000 %) (current max: 81072 of 81380
2023-03-14 10:20:58 current bw:    0.000 Mbps (0 pkts/sec - 0.000 %) (current max: 81072 of 81380
2023-03-14 10:20:59 current bw:    0.000 Mbps (0 pkts/sec - 0.000 %) (current max: 81072 of 81380
2023-03-14 10:21:00 current bw:   82.330 Mbps (6700 pkts/sec - 8.233 %) (current max: 81072 of 81380
2023-03-14 10:21:01 current bw:  995.967 Mbps (81052 pkts/sec - 99.597 %) (current max: 81072 of 81380
2023-03-14 10:21:02 current bw:  995.979 Mbps (81053 pkts/sec - 99.598 %) (current max: 81072 of 81380
2023-03-14 10:21:03 current bw:  996.188 Mbps (81070 pkts/sec - 99.619 %) (current max: 81072 of 81380
2023-03-14 10:21:04 current bw:  995.992 Mbps (81054 pkts/sec - 99.599 %) (current max: 81072 of 81380
2023-03-14 10:21:05 current bw:  996.164 Mbps (81068 pkts/sec - 99.617 %) (current max: 81072 of 81380
2023-03-14 10:21:06 current bw:  995.992 Mbps (81054 pkts/sec - 99.599 %) (current max: 81072 of 81380
2023-03-14 10:21:07 current bw:  996.139 Mbps (81066 pkts/sec - 99.614 %) (current max: 81072 of 81380
2023-03-14 10:21:08 current bw:  996.028 Mbps (81057 pkts/sec - 99.603 %) (current max: 81072 of 81380
2023-03-14 10:21:09 current bw:  995.967 Mbps (81052 pkts/sec - 99.597 %) (current max: 81072 of 81380
2023-03-14 10:21:10 current bw:  996.176 Mbps (81069 pkts/sec - 99.618 %) (current max: 81072 of 81380
2023-03-14 10:21:11 current bw:  995.979 Mbps (81053 pkts/sec - 99.598 %) (current max: 81072 of 81380
2023-03-14 10:21:12 current bw:  996.164 Mbps (81068 pkts/sec - 99.617 %) (current max: 81072 of 81380
2023-03-14 10:21:13 current bw:  995.967 Mbps (81052 pkts/sec - 99.597 %) (current max: 81072 of 81380
2023-03-14 10:21:14 current bw:  996.176 Mbps (81069 pkts/sec - 99.618 %) (current max: 81072 of 81380
2023-03-14 10:21:15 current bw:  995.979 Mbps (81053 pkts/sec - 99.598 %) (current max: 81072 of 81380
2023-03-14 10:21:16 current bw:  996.164 Mbps (81068 pkts/sec - 99.617 %) (current max: 81072 of 81380
2023-03-14 10:21:17 current bw:  993.976 Mbps (80890 pkts/sec - 99.398 %) (current max: 81072 of 81380
2023-03-14 10:21:18 current bw:  996.176 Mbps (81069 pkts/sec - 99.618 %) (current max: 81072 of 81380
2023-03-14 10:21:19 current bw:  995.992 Mbps (81054 pkts/sec - 99.599 %) (current max: 81072 of 81380
2023-03-14 10:21:20 current bw:  996.151 Mbps (81067 pkts/sec - 99.615 %) (current max: 81072 of 81380
2023-03-14 10:21:21 current bw:  995.967 Mbps (81052 pkts/sec - 99.597 %) (current max: 81072 of 81380
2023-03-14 10:21:22 current bw:  996.188 Mbps (81070 pkts/sec - 99.619 %) (current max: 81072 of 81380
2023-03-14 10:21:23 current bw:  995.967 Mbps (81052 pkts/sec - 99.597 %) (current max: 81072 of 81380
2023-03-14 10:21:24 current bw:  996.164 Mbps (81068 pkts/sec - 99.617 %) (current max: 81072 of 81380
2023-03-14 10:21:25 current bw:  995.992 Mbps (81054 pkts/sec - 99.599 %) (current max: 81072 of 81380
2023-03-14 10:21:26 current bw:  996.164 Mbps (81068 pkts/sec - 99.617 %) (current max: 81072 of 81380
2023-03-14 10:21:27 current bw:  995.992 Mbps (81054 pkts/sec - 99.599 %) (current max: 81072 of 81380
2023-03-14 10:21:28 current bw:  995.992 Mbps (81054 pkts/sec - 99.599 %) (current max: 81072 of 81380
2023-03-14 10:21:29 current bw:  996.151 Mbps (81067 pkts/sec - 99.615 %) (current max: 81072 of 81380
2023-03-14 10:21:30 current bw:  914.473 Mbps (74420 pkts/sec - 91.448 %) (current max: 81072 of 81380
2023-03-14 10:21:31 current bw:    0.000 Mbps (0 pkts/sec - 0.000 %) (current max: 81072 of 81380
2023-03-14 10:21:32 current bw:    0.000 Mbps (0 pkts/sec - 0.000 %) (current max: 81072 of 81380
2023-03-14 10:21:33 current bw:    0.000 Mbps (0 pkts/sec - 0.000 %) (current max: 81072 of 81380
2023-03-14 10:21:34 current bw:    0.000 Mbps (0 pkts/sec - 0.000 %) (current max: 81072 of 81380
2023-03-14 10:21:35 current bw:    0.000 Mbps (0 pkts/sec - 0.000 %) (current max: 81072 of 81380
2023-03-14 10:21:36 current bw:    0.000 Mbps (0 pkts/sec - 0.000 %) (current max: 81072 of 81380
2023-03-14 10:21:37 current bw:    0.000 Mbps (0 pkts/sec - 0.000 %) (current max: 81072 of 81380
2023-03-14 10:21:38 current bw:    0.000 Mbps (0 pkts/sec - 0.000 %) (current max: 81072 of 81380
2023-03-14 10:21:39 current bw:    0.000 Mbps (0 pkts/sec - 0.000 %) (current max: 81072 of 81380
2023-03-14 10:21:40 current bw:    0.000 Mbps (0 pkts/sec - 0.000 %) (current max: 81072 of 81380
2023-03-14 10:21:41 current bw:    0.000 Mbps (0 pkts/sec - 0.000 %) (current max: 81072 of 81380
2023-03-14 10:21:42 current bw:    0.000 Mbps (0 pkts/sec - 0.000 %) (current max: 81072 of 81380
2023-03-14 10:21:43 current bw:    0.000 Mbps (0 pkts/sec - 0.000 %) (current max: 81072 of 81380
2023-03-14 10:21:44 current bw:    0.000 Mbps (0 pkts/sec - 0.000 %) (current max: 81072 of 81380
2023-03-14 10:21:45 current bw:    0.000 Mbps (0 pkts/sec - 0.000 %) (current max: 81072 of 81380
2023-03-14 10:21:46 current bw:    0.000 Mbps (0 pkts/sec - 0.000 %) (current max: 81072 of 81380
2023-03-14 10:21:47 current bw:    0.000 Mbps (0 pkts/sec - 0.000 %) (current max: 81072 of 81380
2023-03-14 10:21:48 current bw:    0.000 Mbps (0 pkts/sec - 0.000 %) (current max: 81072 of 81380
2023-03-14 10:21:49 current bw:    0.000 Mbps (0 pkts/sec - 0.000 %) (current max: 81072 of 81380
2023-03-14 10:21:50 current bw:    0.000 Mbps (0 pkts/sec - 0.000 %) (current max: 81072 of 81380
2023-03-14 10:21:51 current bw:    0.000 Mbps (0 pkts/sec - 0.000 %) (current max: 81072 of 81380
2023-03-14 10:21:52 current bw:    0.000 Mbps (0 pkts/sec - 0.000 %) (current max: 81072 of 81380
2023-03-14 10:21:53 current bw:    0.000 Mbps (0 pkts/sec - 0.000 %) (current max: 81072 of 81380
2023-03-14 10:21:54 current bw:    0.000 Mbps (0 pkts/sec - 0.000 %) (current max: 81072 of 81380
2023-03-14 10:21:55 current bw:    0.000 Mbps (0 pkts/sec - 0.000 %) (current max: 81072 of 81380
2023-03-14 10:21:56 current bw:    0.000 Mbps (0 pkts/sec - 0.000 %) (current max: 81072 of 81380
2023-03-14 10:21:57 current bw:    0.000 Mbps (0 pkts/sec - 0.000 %) (current max: 81072 of 81380
2023-03-14 10:21:58 current bw:    0.000 Mbps (0 pkts/sec - 0.000 %) (current max: 81072 of 81380
2023-03-14 10:21:59 current bw:    0.000 Mbps (0 pkts/sec - 0.000 %) (current max: 81072 of 81380
2023-03-14 10:22:00 current bw:   82.895 Mbps (6746 pkts/sec - 8.290 %) (current max: 81072 of 81380
2023-03-14 10:22:01 current bw:  996.176 Mbps (81069 pkts/sec - 99.618 %) (current max: 81072 of 81380
2023-03-14 10:22:02 current bw:  995.979 Mbps (81053 pkts/sec - 99.598 %) (current max: 81072 of 81380
2023-03-14 10:22:03 current bw:  996.188 Mbps (81070 pkts/sec - 99.619 %) (current max: 81072 of 81380
2023-03-14 10:22:04 current bw:  995.967 Mbps (81052 pkts/sec - 99.597 %) (current max: 81072 of 81380
2023-03-14 10:22:05 current bw:  996.188 Mbps (81070 pkts/sec - 99.619 %) (current max: 81072 of 81380
2023-03-14 10:22:06 current bw:  995.967 Mbps (81052 pkts/sec - 99.597 %) (current max: 81072 of 81380
2023-03-14 10:22:07 current bw:  996.176 Mbps (81069 pkts/sec - 99.618 %) (current max: 81072 of 81380
2023-03-14 10:22:08 current bw:  995.979 Mbps (81053 pkts/sec - 99.598 %) (current max: 81072 of 81380
2023-03-14 10:22:09 current bw:  996.176 Mbps (81069 pkts/sec - 99.618 %) (current max: 81072 of 81380
2023-03-14 10:22:10 current bw:  995.992 Mbps (81054 pkts/sec - 99.599 %) (current max: 81072 of 81380
2023-03-14 10:22:11 current bw:  996.004 Mbps (81055 pkts/sec - 99.601 %) (current max: 81072 of 81380
2023-03-14 10:22:12 current bw:  996.139 Mbps (81066 pkts/sec - 99.614 %) (current max: 81072 of 81380
2023-03-14 10:22:13 current bw:  995.979 Mbps (81053 pkts/sec - 99.598 %) (current max: 81072 of 81380
2023-03-14 10:22:14 current bw:  996.176 Mbps (81069 pkts/sec - 99.618 %) (current max: 81072 of 81380
2023-03-14 10:22:15 current bw:  995.992 Mbps (81054 pkts/sec - 99.599 %) (current max: 81072 of 81380
2023-03-14 10:22:16 current bw:  996.164 Mbps (81068 pkts/sec - 99.617 %) (current max: 81072 of 81380
2023-03-14 10:22:17 current bw:  995.979 Mbps (81053 pkts/sec - 99.598 %) (current max: 81072 of 81380
2023-03-14 10:22:18 current bw:  996.176 Mbps (81069 pkts/sec - 99.618 %) (current max: 81072 of 81380
2023-03-14 10:22:19 current bw:  995.992 Mbps (81054 pkts/sec - 99.599 %) (current max: 81072 of 81380
2023-03-14 10:22:20 current bw:  996.164 Mbps (81068 pkts/sec - 99.617 %) (current max: 81072 of 81380
2023-03-14 10:22:21 current bw:  995.992 Mbps (81054 pkts/sec - 99.599 %) (current max: 81072 of 81380
2023-03-14 10:22:22 current bw:  996.078 Mbps (81061 pkts/sec - 99.608 %) (current max: 81072 of 81380
2023-03-14 10:22:23 current bw:  996.090 Mbps (81062 pkts/sec - 99.609 %) (current max: 81072 of 81380
2023-03-14 10:22:24 current bw:  995.979 Mbps (81053 pkts/sec - 99.598 %) (current max: 81072 of 81380
2023-03-14 10:22:25 current bw:  996.164 Mbps (81068 pkts/sec - 99.617 %) (current max: 81072 of 81380
2023-03-14 10:22:26 current bw:  995.979 Mbps (81053 pkts/sec - 99.598 %) (current max: 81072 of 81380
2023-03-14 10:22:27 current bw:  996.188 Mbps (81070 pkts/sec - 99.619 %) (current max: 81072 of 81380
2023-03-14 10:22:28 current bw:  995.967 Mbps (81052 pkts/sec - 99.597 %) (current max: 81072 of 81380
2023-03-14 10:22:29 current bw:  996.176 Mbps (81069 pkts/sec - 99.618 %) (current max: 81072 of 81380
2023-03-14 10:22:30 current bw:  912.703 Mbps (74276 pkts/sec - 91.271 %) (current max: 81072 of 81380
2023-03-14 10:22:31 current bw:    0.000 Mbps (0 pkts/sec - 0.000 %) (current max: 81072 of 81380
2023-03-14 10:22:32 current bw:    0.000 Mbps (0 pkts/sec - 0.000 %) (current max: 81072 of 81380
2023-03-14 10:22:33 current bw:    0.000 Mbps (0 pkts/sec - 0.000 %) (current max: 81072 of 81380
2023-03-14 10:22:34 current bw:    0.000 Mbps (0 pkts/sec - 0.000 %) (current max: 81072 of 81380
2023-03-14 10:22:35 current bw:    0.000 Mbps (0 pkts/sec - 0.000 %) (current max: 81072 of 81380
2023-03-14 10:22:36 current bw:    0.000 Mbps (0 pkts/sec - 0.000 %) (current max: 81072 of 81380
2023-03-14 10:22:37 current bw:    0.000 Mbps (0 pkts/sec - 0.000 %) (current max: 81072 of 81380
2023-03-14 10:22:38 current bw:    0.000 Mbps (0 pkts/sec - 0.000 %) (current max: 81072 of 81380
2023-03-14 10:22:39 current bw:    0.000 Mbps (0 pkts/sec - 0.000 %) (current max: 81072 of 81380
2023-03-14 10:22:40 current bw:    0.000 Mbps (0 pkts/sec - 0.000 %) (current max: 81072 of 81380
2023-03-14 10:22:41 current bw:    0.000 Mbps (0 pkts/sec - 0.000 %) (current max: 81072 of 81380
2023-03-14 10:22:42 current bw:    0.000 Mbps (0 pkts/sec - 0.000 %) (current max: 81072 of 81380
2023-03-14 10:22:43 current bw:    0.000 Mbps (0 pkts/sec - 0.000 %) (current max: 81072 of 81380
2023-03-14 10:22:44 current bw:    0.000 Mbps (0 pkts/sec - 0.000 %) (current max: 81072 of 81380
2023-03-14 10:22:45 current bw:    0.000 Mbps (0 pkts/sec - 0.000 %) (current max: 81072 of 81380
2023-03-14 10:22:46 current bw:    0.000 Mbps (0 pkts/sec - 0.000 %) (current max: 81072 of 81380
2023-03-14 10:22:47 current bw:    0.000 Mbps (0 pkts/sec - 0.000 %) (current max: 81072 of 81380
2023-03-14 10:22:48 current bw:    0.000 Mbps (0 pkts/sec - 0.000 %) (current max: 81072 of 81380
2023-03-14 10:22:49 current bw:    0.000 Mbps (0 pkts/sec - 0.000 %) (current max: 81072 of 81380
2023-03-14 10:22:50 current bw:    0.000 Mbps (0 pkts/sec - 0.000 %) (current max: 81072 of 81380
2023-03-14 10:22:51 current bw:    0.000 Mbps (0 pkts/sec - 0.000 %) (current max: 81072 of 81380
2023-03-14 10:22:52 current bw:    0.000 Mbps (0 pkts/sec - 0.000 %) (current max: 81072 of 81380
2023-03-14 10:22:53 current bw:    0.000 Mbps (0 pkts/sec - 0.000 %) (current max: 81072 of 81380
2023-03-14 10:22:54 current bw:    0.000 Mbps (0 pkts/sec - 0.000 %) (current max: 81072 of 81380
2023-03-14 10:22:55 current bw:    0.000 Mbps (0 pkts/sec - 0.000 %) (current max: 81072 of 81380
2023-03-14 10:22:56 current bw:    0.000 Mbps (0 pkts/sec - 0.000 %) (current max: 81072 of 81380
2023-03-14 10:22:57 current bw:    0.000 Mbps (0 pkts/sec - 0.000 %) (current max: 81072 of 81380
2023-03-14 10:22:58 current bw:    0.000 Mbps (0 pkts/sec - 0.000 %) (current max: 81072 of 81380
2023-03-14 10:22:59 current bw:    0.000 Mbps (0 pkts/sec - 0.000 %) (current max: 81072 of 81380
2023-03-14 10:23:00 current bw:   83.866 Mbps (6825 pkts/sec - 8.387 %) (current max: 81072 of 81380
2023-03-14 10:23:01 current bw:  995.979 Mbps (81053 pkts/sec - 99.598 %) (current max: 81072 of 81380
2023-03-14 10:23:02 current bw:  996.176 Mbps (81069 pkts/sec - 99.618 %) (current max: 81072 of 81380
2023-03-14 10:23:03 current bw:  995.992 Mbps (81054 pkts/sec - 99.599 %) (current max: 81072 of 81380
2023-03-14 10:23:04 current bw:  996.164 Mbps (81068 pkts/sec - 99.617 %) (current max: 81072 of 81380
2023-03-14 10:23:05 current bw:  995.979 Mbps (81053 pkts/sec - 99.598 %) (current max: 81072 of 81380
2023-03-14 10:23:06 current bw:  995.979 Mbps (81053 pkts/sec - 99.598 %) (current max: 81072 of 81380
2023-03-14 10:23:07 current bw:  996.188 Mbps (81070 pkts/sec - 99.619 %) (current max: 81072 of 81380
2023-03-14 10:23:08 current bw:  995.955 Mbps (81051 pkts/sec - 99.596 %) (current max: 81072 of 81380
2023-03-14 10:23:09 current bw:  993.178 Mbps (80825 pkts/sec - 99.318 %) (current max: 81072 of 81380
2023-03-14 10:23:10 current bw:  995.992 Mbps (81054 pkts/sec - 99.599 %) (current max: 81072 of 81380
2023-03-14 10:23:11 current bw:  996.127 Mbps (81065 pkts/sec - 99.613 %) (current max: 81072 of 81380
2023-03-14 10:23:12 current bw:  995.979 Mbps (81053 pkts/sec - 99.598 %) (current max: 81072 of 81380
2023-03-14 10:23:13 current bw:  996.176 Mbps (81069 pkts/sec - 99.618 %) (current max: 81072 of 81380
2023-03-14 10:23:14 current bw:  995.992 Mbps (81054 pkts/sec - 99.599 %) (current max: 81072 of 81380
2023-03-14 10:23:15 current bw:  996.176 Mbps (81069 pkts/sec - 99.618 %) (current max: 81072 of 81380
2023-03-14 10:23:16 current bw:  995.967 Mbps (81052 pkts/sec - 99.597 %) (current max: 81072 of 81380
2023-03-14 10:23:17 current bw:  996.139 Mbps (81066 pkts/sec - 99.614 %) (current max: 81072 of 81380
2023-03-14 10:23:18 current bw:  996.028 Mbps (81057 pkts/sec - 99.603 %) (current max: 81072 of 81380
2023-03-14 10:23:19 current bw:  996.151 Mbps (81067 pkts/sec - 99.615 %) (current max: 81072 of 81380
2023-03-14 10:23:20 current bw:  995.992 Mbps (81054 pkts/sec - 99.599 %) (current max: 81072 of 81380
2023-03-14 10:23:21 current bw:  995.979 Mbps (81053 pkts/sec - 99.598 %) (current max: 81072 of 81380
2023-03-14 10:23:22 current bw:  996.188 Mbps (81070 pkts/sec - 99.619 %) (current max: 81072 of 81380
2023-03-14 10:23:23 current bw:  995.955 Mbps (81051 pkts/sec - 99.596 %) (current max: 81072 of 81380
2023-03-14 10:23:24 current bw:  996.176 Mbps (81069 pkts/sec - 99.618 %) (current max: 81072 of 81380
2023-03-14 10:23:25 current bw:  995.992 Mbps (81054 pkts/sec - 99.599 %) (current max: 81072 of 81380
2023-03-14 10:23:26 current bw:  996.188 Mbps (81070 pkts/sec - 99.619 %) (current max: 81072 of 81380
2023-03-14 10:23:27 current bw:  995.955 Mbps (81051 pkts/sec - 99.596 %) (current max: 81072 of 81380
2023-03-14 10:23:28 current bw:  996.164 Mbps (81068 pkts/sec - 99.617 %) (current max: 81072 of 81380
2023-03-14 10:23:29 current bw:  995.992 Mbps (81054 pkts/sec - 99.599 %) (current max: 81072 of 81380
2023-03-14 10:23:30 current bw:  912.605 Mbps (74268 pkts/sec - 91.261 %) (current max: 81072 of 81380
2023-03-14 10:23:31 current bw:    0.000 Mbps (0 pkts/sec - 0.000 %) (current max: 81072 of 81380
2023-03-14 10:23:32 current bw:    0.000 Mbps (0 pkts/sec - 0.000 %) (current max: 81072 of 81380
2023-03-14 10:23:33 current bw:    0.000 Mbps (0 pkts/sec - 0.000 %) (current max: 81072 of 81380
2023-03-14 10:23:34 current bw:    0.000 Mbps (0 pkts/sec - 0.000 %) (current max: 81072 of 81380
2023-03-14 10:23:35 current bw:    0.000 Mbps (0 pkts/sec - 0.000 %) (current max: 81072 of 81380
2023-03-14 10:23:36 current bw:    0.000 Mbps (0 pkts/sec - 0.000 %) (current max: 81072 of 81380
2023-03-14 10:23:37 current bw:    0.000 Mbps (0 pkts/sec - 0.000 %) (current max: 81072 of 81380
2023-03-14 10:23:38 current bw:    0.000 Mbps (0 pkts/sec - 0.000 %) (current max: 81072 of 81380
2023-03-14 10:23:39 current bw:    0.000 Mbps (0 pkts/sec - 0.000 %) (current max: 81072 of 81380
2023-03-14 10:23:40 current bw:    0.000 Mbps (0 pkts/sec - 0.000 %) (current max: 81072 of 81380
2023-03-14 10:23:41 current bw:    0.000 Mbps (0 pkts/sec - 0.000 %) (current max: 81072 of 81380
2023-03-14 10:23:42 current bw:    0.000 Mbps (0 pkts/sec - 0.000 %) (current max: 81072 of 81380
2023-03-14 10:23:43 current bw:    0.000 Mbps (0 pkts/sec - 0.000 %) (current max: 81072 of 81380
2023-03-14 10:23:44 current bw:    0.000 Mbps (0 pkts/sec - 0.000 %) (current max: 81072 of 81380
2023-03-14 10:23:45 current bw:    0.000 Mbps (0 pkts/sec - 0.000 %) (current max: 81072 of 81380
2023-03-14 10:23:46 current bw:    0.000 Mbps (0 pkts/sec - 0.000 %) (current max: 81072 of 81380
2023-03-14 10:23:47 current bw:    0.000 Mbps (0 pkts/sec - 0.000 %) (current max: 81072 of 81380
2023-03-14 10:23:48 current bw:    0.000 Mbps (0 pkts/sec - 0.000 %) (current max: 81072 of 81380
2023-03-14 10:23:49 current bw:    0.000 Mbps (0 pkts/sec - 0.000 %) (current max: 81072 of 81380
2023-03-14 10:23:50 current bw:    0.000 Mbps (0 pkts/sec - 0.000 %) (current max: 81072 of 81380
2023-03-14 10:23:51 current bw:    0.000 Mbps (0 pkts/sec - 0.000 %) (current max: 81072 of 81380
2023-03-14 10:23:52 current bw:    0.000 Mbps (0 pkts/sec - 0.000 %) (current max: 81072 of 81380
2023-03-14 10:23:53 current bw:    0.000 Mbps (0 pkts/sec - 0.000 %) (current max: 81072 of 81380
2023-03-14 10:23:54 current bw:    0.000 Mbps (0 pkts/sec - 0.000 %) (current max: 81072 of 81380
2023-03-14 10:23:55 current bw:    0.000 Mbps (0 pkts/sec - 0.000 %) (current max: 81072 of 81380
2023-03-14 10:23:56 current bw:    0.000 Mbps (0 pkts/sec - 0.000 %) (current max: 81072 of 81380
2023-03-14 10:23:57 current bw:    0.000 Mbps (0 pkts/sec - 0.000 %) (current max: 81072 of 81380
2023-03-14 10:23:58 current bw:    0.000 Mbps (0 pkts/sec - 0.000 %) (current max: 81072 of 81380
2023-03-14 10:23:59 current bw:    0.000 Mbps (0 pkts/sec - 0.000 %) (current max: 81072 of 81380
2023-03-14 10:24:00 current bw:   84.627 Mbps (6887 pkts/sec - 8.463 %) (current max: 81072 of 81380
2023-03-14 10:24:01 current bw:  995.992 Mbps (81054 pkts/sec - 99.599 %) (current max: 81072 of 81380
2023-03-14 10:24:02 current bw:  996.176 Mbps (81069 pkts/sec - 99.618 %) (current max: 81072 of 81380
2023-03-14 10:24:03 current bw:  995.979 Mbps (81053 pkts/sec - 99.598 %) (current max: 81072 of 81380
2023-03-14 10:24:04 current bw:  996.176 Mbps (81069 pkts/sec - 99.618 %) (current max: 81072 of 81380
2023-03-14 10:24:05 current bw:  995.992 Mbps (81054 pkts/sec - 99.599 %) (current max: 81072 of 81380
2023-03-14 10:24:06 current bw:  996.164 Mbps (81068 pkts/sec - 99.617 %) (current max: 81072 of 81380
2023-03-14 10:24:07 current bw:  995.992 Mbps (81054 pkts/sec - 99.599 %) (current max: 81072 of 81380
2023-03-14 10:24:08 current bw:  996.102 Mbps (81063 pkts/sec - 99.610 %) (current max: 81072 of 81380
2023-03-14 10:24:09 current bw:  996.041 Mbps (81058 pkts/sec - 99.604 %) (current max: 81072 of 81380
2023-03-14 10:24:10 current bw:  992.932 Mbps (80805 pkts/sec - 99.293 %) (current max: 81072 of 81380
2023-03-14 10:24:11 current bw:  996.151 Mbps (81067 pkts/sec - 99.615 %) (current max: 81072 of 81380
2023-03-14 10:24:12 current bw:  995.992 Mbps (81054 pkts/sec - 99.599 %) (current max: 81072 of 81380
2023-03-14 10:24:13 current bw:  996.176 Mbps (81069 pkts/sec - 99.618 %) (current max: 81072 of 81380
2023-03-14 10:24:14 current bw:  995.992 Mbps (81054 pkts/sec - 99.599 %) (current max: 81072 of 81380
2023-03-14 10:24:15 current bw:  996.164 Mbps (81068 pkts/sec - 99.617 %) (current max: 81072 of 81380
2023-03-14 10:24:16 current bw:  995.979 Mbps (81053 pkts/sec - 99.598 %) (current max: 81072 of 81380
2023-03-14 10:24:17 current bw:  996.176 Mbps (81069 pkts/sec - 99.618 %) (current max: 81072 of 81380
2023-03-14 10:24:18 current bw:  996.004 Mbps (81055 pkts/sec - 99.601 %) (current max: 81072 of 81380
2023-03-14 10:24:19 current bw:  996.053 Mbps (81059 pkts/sec - 99.606 %) (current max: 81072 of 81380
2023-03-14 10:24:20 current bw:  996.078 Mbps (81061 pkts/sec - 99.608 %) (current max: 81072 of 81380
2023-03-14 10:24:21 current bw:  995.992 Mbps (81054 pkts/sec - 99.599 %) (current max: 81072 of 81380
2023-03-14 10:24:22 current bw:  996.176 Mbps (81069 pkts/sec - 99.618 %) (current max: 81072 of 81380
2023-03-14 10:24:23 current bw:  996.004 Mbps (81055 pkts/sec - 99.601 %) (current max: 81072 of 81380
2023-03-14 10:24:24 current bw:  996.176 Mbps (81069 pkts/sec - 99.618 %) (current max: 81072 of 81380
2023-03-14 10:24:25 current bw:  995.955 Mbps (81051 pkts/sec - 99.596 %) (current max: 81072 of 81380
2023-03-14 10:24:26 current bw:  996.176 Mbps (81069 pkts/sec - 99.618 %) (current max: 81072 of 81380
2023-03-14 10:24:27 current bw:  995.992 Mbps (81054 pkts/sec - 99.599 %) (current max: 81072 of 81380
2023-03-14 10:24:28 current bw:  996.164 Mbps (81068 pkts/sec - 99.617 %) (current max: 81072 of 81380
2023-03-14 10:24:29 current bw:  995.979 Mbps (81053 pkts/sec - 99.598 %) (current max: 81072 of 81380
2023-03-14 10:24:30 current bw:  912.445 Mbps (74255 pkts/sec - 91.245 %) (current max: 81072 of 81380
2023-03-14 10:24:31 current bw:    0.000 Mbps (0 pkts/sec - 0.000 %) (current max: 81072 of 81380
2023-03-14 10:24:32 current bw:    0.000 Mbps (0 pkts/sec - 0.000 %) (current max: 81072 of 81380
2023-03-14 10:24:33 current bw:    0.000 Mbps (0 pkts/sec - 0.000 %) (current max: 81072 of 81380
2023-03-14 10:24:34 current bw:    0.000 Mbps (0 pkts/sec - 0.000 %) (current max: 81072 of 81380
2023-03-14 10:24:35 current bw:    0.000 Mbps (0 pkts/sec - 0.000 %) (current max: 81072 of 81380
2023-03-14 10:24:36 current bw:    0.000 Mbps (0 pkts/sec - 0.000 %) (current max: 81072 of 81380
2023-03-14 10:24:37 current bw:    0.000 Mbps (0 pkts/sec - 0.000 %) (current max: 81072 of 81380
2023-03-14 10:24:38 current bw:    0.000 Mbps (0 pkts/sec - 0.000 %) (current max: 81072 of 81380
2023-03-14 10:24:39 current bw:    0.000 Mbps (0 pkts/sec - 0.000 %) (current max: 81072 of 81380
2023-03-14 10:24:40 current bw:    0.000 Mbps (0 pkts/sec - 0.000 %) (current max: 81072 of 81380
2023-03-14 10:24:41 current bw:    0.000 Mbps (0 pkts/sec - 0.000 %) (current max: 81072 of 81380
2023-03-14 10:24:42 current bw:    0.000 Mbps (0 pkts/sec - 0.000 %) (current max: 81072 of 81380
2023-03-14 10:24:43 current bw:    0.000 Mbps (0 pkts/sec - 0.000 %) (current max: 81072 of 81380
2023-03-14 10:24:44 current bw:    0.000 Mbps (0 pkts/sec - 0.000 %) (current max: 81072 of 81380
2023-03-14 10:24:45 current bw:    0.000 Mbps (0 pkts/sec - 0.000 %) (current max: 81072 of 81380
2023-03-14 10:24:46 current bw:    0.000 Mbps (0 pkts/sec - 0.000 %) (current max: 81072 of 81380
2023-03-14 10:24:47 current bw:    0.000 Mbps (0 pkts/sec - 0.000 %) (current max: 81072 of 81380
2023-03-14 10:24:48 current bw:    0.000 Mbps (0 pkts/sec - 0.000 %) (current max: 81072 of 81380
2023-03-14 10:24:49 current bw:    0.000 Mbps (0 pkts/sec - 0.000 %) (current max: 81072 of 81380
2023-03-14 10:24:50 current bw:    0.000 Mbps (0 pkts/sec - 0.000 %) (current max: 81072 of 81380
2023-03-14 10:24:51 current bw:    0.000 Mbps (0 pkts/sec - 0.000 %) (current max: 81072 of 81380
2023-03-14 10:24:52 current bw:    0.000 Mbps (0 pkts/sec - 0.000 %) (current max: 81072 of 81380
2023-03-14 10:24:53 current bw:    0.000 Mbps (0 pkts/sec - 0.000 %) (current max: 81072 of 81380
2023-03-14 10:24:54 current bw:    0.000 Mbps (0 pkts/sec - 0.000 %) (current max: 81072 of 81380
2023-03-14 10:24:55 current bw:    0.000 Mbps (0 pkts/sec - 0.000 %) (current max: 81072 of 81380
2023-03-14 10:24:56 current bw:    0.000 Mbps (0 pkts/sec - 0.000 %) (current max: 81072 of 81380
2023-03-14 10:24:57 current bw:    0.000 Mbps (0 pkts/sec - 0.000 %) (current max: 81072 of 81380
2023-03-14 10:24:58 current bw:    0.000 Mbps (0 pkts/sec - 0.000 %) (current max: 81072 of 81380
2023-03-14 10:24:59 current bw:    0.000 Mbps (0 pkts/sec - 0.000 %) (current max: 81072 of 81380
2023-03-14 10:25:00 current bw:   85.402 Mbps (6950 pkts/sec - 8.540 %) (current max: 81072 of 81380
2023-03-14 10:25:01 current bw:  996.176 Mbps (81069 pkts/sec - 99.618 %) (current max: 81072 of 81380
2023-03-14 10:25:02 current bw:  995.992 Mbps (81054 pkts/sec - 99.599 %) (current max: 81072 of 81380
2023-03-14 10:25:03 current bw:  996.114 Mbps (81064 pkts/sec - 99.612 %) (current max: 81072 of 81380
2023-03-14 10:25:04 current bw:  996.028 Mbps (81057 pkts/sec - 99.603 %) (current max: 81072 of 81380
2023-03-14 10:25:05 current bw:  995.979 Mbps (81053 pkts/sec - 99.598 %) (current max: 81072 of 81380
2023-03-14 10:25:06 current bw:  996.188 Mbps (81070 pkts/sec - 99.619 %) (current max: 81072 of 81380
2023-03-14 10:25:07 current bw:  995.967 Mbps (81052 pkts/sec - 99.597 %) (current max: 81072 of 81380
2023-03-14 10:25:08 current bw:  996.176 Mbps (81069 pkts/sec - 99.618 %) (current max: 81072 of 81380
2023-03-14 10:25:09 current bw:  995.992 Mbps (81054 pkts/sec - 99.599 %) (current max: 81072 of 81380
2023-03-14 10:25:10 current bw:  996.164 Mbps (81068 pkts/sec - 99.617 %) (current max: 81072 of 81380
2023-03-14 10:25:11 current bw:  995.979 Mbps (81053 pkts/sec - 99.598 %) (current max: 81072 of 81380
2023-03-14 10:25:12 current bw:  996.164 Mbps (81068 pkts/sec - 99.617 %) (current max: 81072 of 81380
2023-03-14 10:25:13 current bw:  995.967 Mbps (81052 pkts/sec - 99.597 %) (current max: 81072 of 81380
2023-03-14 10:25:14 current bw:  996.188 Mbps (81070 pkts/sec - 99.619 %) (current max: 81072 of 81380
2023-03-14 10:25:15 current bw:  995.979 Mbps (81053 pkts/sec - 99.598 %) (current max: 81072 of 81380
2023-03-14 10:25:16 current bw:  996.164 Mbps (81068 pkts/sec - 99.617 %) (current max: 81072 of 81380
2023-03-14 10:25:17 current bw:  995.992 Mbps (81054 pkts/sec - 99.599 %) (current max: 81072 of 81380
2023-03-14 10:25:18 current bw:  996.004 Mbps (81055 pkts/sec - 99.601 %) (current max: 81072 of 81380
2023-03-14 10:25:19 current bw:  996.188 Mbps (81070 pkts/sec - 99.619 %) (current max: 81072 of 81380
2023-03-14 10:25:20 current bw:  995.979 Mbps (81053 pkts/sec - 99.598 %) (current max: 81072 of 81380
2023-03-14 10:25:21 current bw:  996.151 Mbps (81067 pkts/sec - 99.615 %) (current max: 81072 of 81380
2023-03-14 10:25:22 current bw:  995.979 Mbps (81053 pkts/sec - 99.598 %) (current max: 81072 of 81380
2023-03-14 10:25:23 current bw:  996.176 Mbps (81069 pkts/sec - 99.618 %) (current max: 81072 of 81380
2023-03-14 10:25:24 current bw:  995.992 Mbps (81054 pkts/sec - 99.599 %) (current max: 81072 of 81380
2023-03-14 10:25:25 current bw:  996.176 Mbps (81069 pkts/sec - 99.618 %) (current max: 81072 of 81380
2023-03-14 10:25:26 current bw:  995.992 Mbps (81054 pkts/sec - 99.599 %) (current max: 81072 of 81380
2023-03-14 10:25:27 current bw:  996.151 Mbps (81067 pkts/sec - 99.615 %) (current max: 81072 of 81380
2023-03-14 10:25:28 current bw:  995.992 Mbps (81054 pkts/sec - 99.599 %) (current max: 81072 of 81380
2023-03-14 10:25:29 current bw:  995.992 Mbps (81054 pkts/sec - 99.599 %) (current max: 81072 of 81380
2023-03-14 10:25:30 current bw:  911.671 Mbps (74192 pkts/sec - 91.167 %) (current max: 81072 of 81380
2023-03-14 10:25:31 current bw:    0.000 Mbps (0 pkts/sec - 0.000 %) (current max: 81072 of 81380
2023-03-14 10:25:32 current bw:    0.000 Mbps (0 pkts/sec - 0.000 %) (current max: 81072 of 81380
2023-03-14 10:25:33 current bw:    0.000 Mbps (0 pkts/sec - 0.000 %) (current max: 81072 of 81380
2023-03-14 10:25:34 current bw:    0.000 Mbps (0 pkts/sec - 0.000 %) (current max: 81072 of 81380
2023-03-14 10:25:35 current bw:    0.000 Mbps (0 pkts/sec - 0.000 %) (current max: 81072 of 81380
2023-03-14 10:25:36 current bw:    0.000 Mbps (0 pkts/sec - 0.000 %) (current max: 81072 of 81380
2023-03-14 10:25:37 current bw:    0.000 Mbps (0 pkts/sec - 0.000 %) (current max: 81072 of 81380
2023-03-14 10:25:38 current bw:    0.000 Mbps (0 pkts/sec - 0.000 %) (current max: 81072 of 81380
2023-03-14 10:25:39 current bw:    0.000 Mbps (0 pkts/sec - 0.000 %) (current max: 81072 of 81380
2023-03-14 10:25:40 current bw:    0.000 Mbps (0 pkts/sec - 0.000 %) (current max: 81072 of 81380
2023-03-14 10:25:41 current bw:    0.000 Mbps (0 pkts/sec - 0.000 %) (current max: 81072 of 81380
2023-03-14 10:25:42 current bw:    0.000 Mbps (0 pkts/sec - 0.000 %) (current max: 81072 of 81380
2023-03-14 10:25:43 current bw:    0.000 Mbps (0 pkts/sec - 0.000 %) (current max: 81072 of 81380
2023-03-14 10:25:44 current bw:    0.000 Mbps (0 pkts/sec - 0.000 %) (current max: 81072 of 81380
2023-03-14 10:25:45 current bw:    0.000 Mbps (0 pkts/sec - 0.000 %) (current max: 81072 of 81380
2023-03-14 10:25:46 current bw:    0.000 Mbps (0 pkts/sec - 0.000 %) (current max: 81072 of 81380
2023-03-14 10:25:47 current bw:    0.000 Mbps (0 pkts/sec - 0.000 %) (current max: 81072 of 81380
2023-03-14 10:25:48 current bw:    0.000 Mbps (0 pkts/sec - 0.000 %) (current max: 81072 of 81380
2023-03-14 10:25:49 current bw:    0.000 Mbps (0 pkts/sec - 0.000 %) (current max: 81072 of 81380
2023-03-14 10:25:50 current bw:    0.000 Mbps (0 pkts/sec - 0.000 %) (current max: 81072 of 81380
2023-03-14 10:25:51 current bw:    0.000 Mbps (0 pkts/sec - 0.000 %) (current max: 81072 of 81380
2023-03-14 10:25:52 current bw:    0.000 Mbps (0 pkts/sec - 0.000 %) (current max: 81072 of 81380
2023-03-14 10:25:53 current bw:    0.000 Mbps (0 pkts/sec - 0.000 %) (current max: 81072 of 81380
2023-03-14 10:25:54 current bw:    0.000 Mbps (0 pkts/sec - 0.000 %) (current max: 81072 of 81380
2023-03-14 10:25:55 current bw:    0.000 Mbps (0 pkts/sec - 0.000 %) (current max: 81072 of 81380
2023-03-14 10:25:56 current bw:    0.000 Mbps (0 pkts/sec - 0.000 %) (current max: 81072 of 81380
2023-03-14 10:25:57 current bw:    0.000 Mbps (0 pkts/sec - 0.000 %) (current max: 81072 of 81380
2023-03-14 10:25:58 current bw:    0.000 Mbps (0 pkts/sec - 0.000 %) (current max: 81072 of 81380
2023-03-14 10:25:59 current bw:    0.000 Mbps (0 pkts/sec - 0.000 %) (current max: 81072 of 81380
2023-03-14 10:26:00 current bw:   86.176 Mbps (7013 pkts/sec - 8.618 %) (current max: 81072 of 81380
2023-03-14 10:26:01 current bw:  996.164 Mbps (81068 pkts/sec - 99.617 %) (current max: 81072 of 81380
2023-03-14 10:26:02 current bw:  995.979 Mbps (81053 pkts/sec - 99.598 %) (current max: 81072 of 81380
2023-03-14 10:26:03 current bw:  996.176 Mbps (81069 pkts/sec - 99.618 %) (current max: 81072 of 81380
2023-03-14 10:26:04 current bw:  995.992 Mbps (81054 pkts/sec - 99.599 %) (current max: 81072 of 81380
2023-03-14 10:26:05 current bw:  996.164 Mbps (81068 pkts/sec - 99.617 %) (current max: 81072 of 81380
2023-03-14 10:26:06 current bw:  995.992 Mbps (81054 pkts/sec - 99.599 %) (current max: 81072 of 81380
2023-03-14 10:26:07 current bw:  996.164 Mbps (81068 pkts/sec - 99.617 %) (current max: 81072 of 81380
2023-03-14 10:26:08 current bw:  995.992 Mbps (81054 pkts/sec - 99.599 %) (current max: 81072 of 81380
2023-03-14 10:26:09 current bw:  996.053 Mbps (81059 pkts/sec - 99.606 %) (current max: 81072 of 81380
2023-03-14 10:26:10 current bw:  996.102 Mbps (81063 pkts/sec - 99.610 %) (current max: 81072 of 81380
2023-03-14 10:26:11 current bw:  995.992 Mbps (81054 pkts/sec - 99.599 %) (current max: 81072 of 81380
2023-03-14 10:26:12 current bw:  996.164 Mbps (81068 pkts/sec - 99.617 %) (current max: 81072 of 81380
2023-03-14 10:26:13 current bw:  995.992 Mbps (81054 pkts/sec - 99.599 %) (current max: 81072 of 81380
2023-03-14 10:26:14 current bw:  996.164 Mbps (81068 pkts/sec - 99.617 %) (current max: 81072 of 81380
2023-03-14 10:26:15 current bw:  995.992 Mbps (81054 pkts/sec - 99.599 %) (current max: 81072 of 81380
2023-03-14 10:26:16 current bw:  996.176 Mbps (81069 pkts/sec - 99.618 %) (current max: 81072 of 81380
2023-03-14 10:26:17 current bw:  996.016 Mbps (81056 pkts/sec - 99.602 %) (current max: 81072 of 81380
2023-03-14 10:26:18 current bw:  996.004 Mbps (81055 pkts/sec - 99.601 %) (current max: 81072 of 81380
2023-03-14 10:26:19 current bw:  996.176 Mbps (81069 pkts/sec - 99.618 %) (current max: 81072 of 81380
2023-03-14 10:26:20 current bw:  995.979 Mbps (81053 pkts/sec - 99.598 %) (current max: 81072 of 81380
2023-03-14 10:26:21 current bw:  996.188 Mbps (81070 pkts/sec - 99.619 %) (current max: 81072 of 81380
2023-03-14 10:26:22 current bw:  995.979 Mbps (81053 pkts/sec - 99.598 %) (current max: 81072 of 81380
2023-03-14 10:26:23 current bw:  996.065 Mbps (81060 pkts/sec - 99.607 %) (current max: 81072 of 81380
2023-03-14 10:26:24 current bw:  996.102 Mbps (81063 pkts/sec - 99.610 %) (current max: 81072 of 81380
2023-03-14 10:26:25 current bw:  995.992 Mbps (81054 pkts/sec - 99.599 %) (current max: 81072 of 81380
2023-03-14 10:26:26 current bw:  996.151 Mbps (81067 pkts/sec - 99.615 %) (current max: 81072 of 81380
2023-03-14 10:26:27 current bw:  995.992 Mbps (81054 pkts/sec - 99.599 %) (current max: 81072 of 81380
2023-03-14 10:26:28 current bw:  996.176 Mbps (81069 pkts/sec - 99.618 %) (current max: 81072 of 81380
2023-03-14 10:26:29 current bw:  995.967 Mbps (81052 pkts/sec - 99.597 %) (current max: 81072 of 81380
2023-03-14 10:26:30 current bw:  910.664 Mbps (74110 pkts/sec - 91.067 %) (current max: 81072 of 81380
2023-03-14 10:26:31 current bw:    0.000 Mbps (0 pkts/sec - 0.000 %) (current max: 81072 of 81380
2023-03-14 10:26:32 current bw:    0.000 Mbps (0 pkts/sec - 0.000 %) (current max: 81072 of 81380
2023-03-14 10:26:33 current bw:    0.000 Mbps (0 pkts/sec - 0.000 %) (current max: 81072 of 81380
2023-03-14 10:26:34 current bw:    0.000 Mbps (0 pkts/sec - 0.000 %) (current max: 81072 of 81380
2023-03-14 10:26:35 current bw:    0.000 Mbps (0 pkts/sec - 0.000 %) (current max: 81072 of 81380
2023-03-14 10:26:36 current bw:    0.000 Mbps (0 pkts/sec - 0.000 %) (current max: 81072 of 81380
2023-03-14 10:26:37 current bw:    0.000 Mbps (0 pkts/sec - 0.000 %) (current max: 81072 of 81380
2023-03-14 10:26:38 current bw:    0.000 Mbps (0 pkts/sec - 0.000 %) (current max: 81072 of 81380
2023-03-14 10:26:39 current bw:    0.000 Mbps (0 pkts/sec - 0.000 %) (current max: 81072 of 81380
2023-03-14 10:26:40 current bw:    0.000 Mbps (0 pkts/sec - 0.000 %) (current max: 81072 of 81380
2023-03-14 10:26:41 current bw:    0.000 Mbps (0 pkts/sec - 0.000 %) (current max: 81072 of 81380
2023-03-14 10:26:42 current bw:    0.000 Mbps (0 pkts/sec - 0.000 %) (current max: 81072 of 81380
2023-03-14 10:26:43 current bw:    0.000 Mbps (0 pkts/sec - 0.000 %) (current max: 81072 of 81380
2023-03-14 10:26:44 current bw:    0.000 Mbps (0 pkts/sec - 0.000 %) (current max: 81072 of 81380
2023-03-14 10:26:45 current bw:    0.000 Mbps (0 pkts/sec - 0.000 %) (current max: 81072 of 81380
2023-03-14 10:26:46 current bw:    0.000 Mbps (0 pkts/sec - 0.000 %) (current max: 81072 of 81380
2023-03-14 10:26:47 current bw:    0.000 Mbps (0 pkts/sec - 0.000 %) (current max: 81072 of 81380
2023-03-14 10:26:48 current bw:    0.000 Mbps (0 pkts/sec - 0.000 %) (current max: 81072 of 81380
2023-03-14 10:26:49 current bw:    0.000 Mbps (0 pkts/sec - 0.000 %) (current max: 81072 of 81380
2023-03-14 10:26:50 current bw:    0.000 Mbps (0 pkts/sec - 0.000 %) (current max: 81072 of 81380
2023-03-14 10:26:51 current bw:    0.000 Mbps (0 pkts/sec - 0.000 %) (current max: 81072 of 81380
2023-03-14 10:26:52 current bw:    0.000 Mbps (0 pkts/sec - 0.000 %) (current max: 81072 of 81380
2023-03-14 10:26:53 current bw:    0.000 Mbps (0 pkts/sec - 0.000 %) (current max: 81072 of 81380
2023-03-14 10:26:54 current bw:    0.000 Mbps (0 pkts/sec - 0.000 %) (current max: 81072 of 81380
2023-03-14 10:26:55 current bw:    0.000 Mbps (0 pkts/sec - 0.000 %) (current max: 81072 of 81380
2023-03-14 10:26:56 current bw:    0.000 Mbps (0 pkts/sec - 0.000 %) (current max: 81072 of 81380
2023-03-14 10:26:57 current bw:    0.000 Mbps (0 pkts/sec - 0.000 %) (current max: 81072 of 81380
2023-03-14 10:26:58 current bw:    0.000 Mbps (0 pkts/sec - 0.000 %) (current max: 81072 of 81380
2023-03-14 10:26:59 current bw:    0.000 Mbps (0 pkts/sec - 0.000 %) (current max: 81072 of 81380
2023-03-14 10:27:00 current bw:   87.122 Mbps (7090 pkts/sec - 8.712 %) (current max: 81072 of 81380
2023-03-14 10:27:01 current bw:  995.979 Mbps (81053 pkts/sec - 99.598 %) (current max: 81072 of 81380
2023-03-14 10:27:02 current bw:  996.200 Mbps (81071 pkts/sec - 99.620 %) (current max: 81072 of 81380
2023-03-14 10:27:03 current bw:  995.979 Mbps (81053 pkts/sec - 99.598 %) (current max: 81072 of 81380
2023-03-14 10:27:04 current bw:  996.151 Mbps (81067 pkts/sec - 99.615 %) (current max: 81072 of 81380
2023-03-14 10:27:05 current bw:  995.979 Mbps (81053 pkts/sec - 99.598 %) (current max: 81072 of 81380
2023-03-14 10:27:06 current bw:  996.004 Mbps (81055 pkts/sec - 99.601 %) (current max: 81072 of 81380
2023-03-14 10:27:07 current bw:  996.164 Mbps (81068 pkts/sec - 99.617 %) (current max: 81072 of 81380
2023-03-14 10:27:08 current bw:  995.979 Mbps (81053 pkts/sec - 99.598 %) (current max: 81072 of 81380
2023-03-14 10:27:09 current bw:  996.164 Mbps (81068 pkts/sec - 99.617 %) (current max: 81072 of 81380
2023-03-14 10:27:10 current bw:  995.979 Mbps (81053 pkts/sec - 99.598 %) (current max: 81072 of 81380
2023-03-14 10:27:11 current bw:  996.176 Mbps (81069 pkts/sec - 99.618 %) (current max: 81072 of 81380
2023-03-14 10:27:12 current bw:  995.967 Mbps (81052 pkts/sec - 99.597 %) (current max: 81072 of 81380
2023-03-14 10:27:13 current bw:  996.188 Mbps (81070 pkts/sec - 99.619 %) (current max: 81072 of 81380
2023-03-14 10:27:14 current bw:  996.004 Mbps (81055 pkts/sec - 99.601 %) (current max: 81072 of 81380
2023-03-14 10:27:15 current bw:  996.176 Mbps (81069 pkts/sec - 99.618 %) (current max: 81072 of 81380
2023-03-14 10:27:16 current bw:  995.992 Mbps (81054 pkts/sec - 99.599 %) (current max: 81072 of 81380
2023-03-14 10:27:17 current bw:  996.004 Mbps (81055 pkts/sec - 99.601 %) (current max: 81072 of 81380
2023-03-14 10:27:18 current bw:  996.188 Mbps (81070 pkts/sec - 99.619 %) (current max: 81072 of 81380
2023-03-14 10:27:19 current bw:  995.967 Mbps (81052 pkts/sec - 99.597 %) (current max: 81072 of 81380
2023-03-14 10:27:20 current bw:  996.188 Mbps (81070 pkts/sec - 99.619 %) (current max: 81072 of 81380
2023-03-14 10:27:21 current bw:  995.942 Mbps (81050 pkts/sec - 99.594 %) (current max: 81072 of 81380
2023-03-14 10:27:22 current bw:  996.176 Mbps (81069 pkts/sec - 99.618 %) (current max: 81072 of 81380
2023-03-14 10:27:23 current bw:  995.979 Mbps (81053 pkts/sec - 99.598 %) (current max: 81072 of 81380
2023-03-14 10:27:24 current bw:  996.188 Mbps (81070 pkts/sec - 99.619 %) (current max: 81072 of 81380
2023-03-14 10:27:25 current bw:  995.979 Mbps (81053 pkts/sec - 99.598 %) (current max: 81072 of 81380
2023-03-14 10:27:26 current bw:  996.127 Mbps (81065 pkts/sec - 99.613 %) (current max: 81072 of 81380
2023-03-14 10:27:27 current bw:  996.041 Mbps (81058 pkts/sec - 99.604 %) (current max: 81072 of 81380
2023-03-14 10:27:28 current bw:  995.979 Mbps (81053 pkts/sec - 99.598 %) (current max: 81072 of 81380
2023-03-14 10:27:29 current bw:  996.200 Mbps (81071 pkts/sec - 99.620 %) (current max: 81072 of 81380
2023-03-14 10:27:30 current bw:  910.295 Mbps (74080 pkts/sec - 91.030 %) (current max: 81072 of 81380
2023-03-14 10:27:31 current bw:    0.000 Mbps (0 pkts/sec - 0.000 %) (current max: 81072 of 81380
2023-03-14 10:27:32 current bw:    0.000 Mbps (0 pkts/sec - 0.000 %) (current max: 81072 of 81380
2023-03-14 10:27:33 current bw:    0.000 Mbps (0 pkts/sec - 0.000 %) (current max: 81072 of 81380
2023-03-14 10:27:34 current bw:    0.000 Mbps (0 pkts/sec - 0.000 %) (current max: 81072 of 81380
2023-03-14 10:27:35 current bw:    0.000 Mbps (0 pkts/sec - 0.000 %) (current max: 81072 of 81380
2023-03-14 10:27:36 current bw:    0.000 Mbps (0 pkts/sec - 0.000 %) (current max: 81072 of 81380
2023-03-14 10:27:37 current bw:    0.000 Mbps (0 pkts/sec - 0.000 %) (current max: 81072 of 81380
2023-03-14 10:27:38 current bw:    0.000 Mbps (0 pkts/sec - 0.000 %) (current max: 81072 of 81380
2023-03-14 10:27:39 current bw:    0.000 Mbps (0 pkts/sec - 0.000 %) (current max: 81072 of 81380
2023-03-14 10:27:40 current bw:    0.000 Mbps (0 pkts/sec - 0.000 %) (current max: 81072 of 81380
2023-03-14 10:27:41 current bw:    0.000 Mbps (0 pkts/sec - 0.000 %) (current max: 81072 of 81380
2023-03-14 10:27:42 current bw:    0.000 Mbps (0 pkts/sec - 0.000 %) (current max: 81072 of 81380
2023-03-14 10:27:43 current bw:    0.000 Mbps (0 pkts/sec - 0.000 %) (current max: 81072 of 81380
2023-03-14 10:27:44 current bw:    0.000 Mbps (0 pkts/sec - 0.000 %) (current max: 81072 of 81380
2023-03-14 10:27:45 current bw:    0.000 Mbps (0 pkts/sec - 0.000 %) (current max: 81072 of 81380
2023-03-14 10:27:46 current bw:    0.000 Mbps (0 pkts/sec - 0.000 %) (current max: 81072 of 81380
2023-03-14 10:27:47 current bw:    0.000 Mbps (0 pkts/sec - 0.000 %) (current max: 81072 of 81380
2023-03-14 10:27:48 current bw:    0.000 Mbps (0 pkts/sec - 0.000 %) (current max: 81072 of 81380
2023-03-14 10:27:49 current bw:    0.000 Mbps (0 pkts/sec - 0.000 %) (current max: 81072 of 81380
2023-03-14 10:27:50 current bw:    0.000 Mbps (0 pkts/sec - 0.000 %) (current max: 81072 of 81380
2023-03-14 10:27:51 current bw:    0.000 Mbps (0 pkts/sec - 0.000 %) (current max: 81072 of 81380
2023-03-14 10:27:52 current bw:    0.000 Mbps (0 pkts/sec - 0.000 %) (current max: 81072 of 81380
2023-03-14 10:27:53 current bw:    0.000 Mbps (0 pkts/sec - 0.000 %) (current max: 81072 of 81380
2023-03-14 10:27:54 current bw:    0.000 Mbps (0 pkts/sec - 0.000 %) (current max: 81072 of 81380
2023-03-14 10:27:55 current bw:    0.000 Mbps (0 pkts/sec - 0.000 %) (current max: 81072 of 81380
2023-03-14 10:27:56 current bw:    0.000 Mbps (0 pkts/sec - 0.000 %) (current max: 81072 of 81380
2023-03-14 10:27:57 current bw:    0.000 Mbps (0 pkts/sec - 0.000 %) (current max: 81072 of 81380
2023-03-14 10:27:58 current bw:    0.000 Mbps (0 pkts/sec - 0.000 %) (current max: 81072 of 81380
2023-03-14 10:27:59 current bw:    0.000 Mbps (0 pkts/sec - 0.000 %) (current max: 81072 of 81380
2023-03-14 10:28:00 current bw:   87.884 Mbps (7152 pkts/sec - 8.788 %) (current max: 81072 of 81380
2023-03-14 10:28:01 current bw:  995.979 Mbps (81053 pkts/sec - 99.598 %) (current max: 81072 of 81380
2023-03-14 10:28:02 current bw:  993.743 Mbps (80871 pkts/sec - 99.375 %) (current max: 81072 of 81380
2023-03-14 10:28:03 current bw:  995.992 Mbps (81054 pkts/sec - 99.599 %) (current max: 81072 of 81380
2023-03-14 10:28:04 current bw:  992.588 Mbps (80777 pkts/sec - 99.259 %) (current max: 81072 of 81380
2023-03-14 10:28:05 current bw:  996.188 Mbps (81070 pkts/sec - 99.619 %) (current max: 81072 of 81380
2023-03-14 10:28:06 current bw:  995.967 Mbps (81052 pkts/sec - 99.597 %) (current max: 81072 of 81380
2023-03-14 10:28:07 current bw:  996.176 Mbps (81069 pkts/sec - 99.618 %) (current max: 81072 of 81380
2023-03-14 10:28:08 current bw:  995.979 Mbps (81053 pkts/sec - 99.598 %) (current max: 81072 of 81380
2023-03-14 10:28:09 current bw:  996.200 Mbps (81071 pkts/sec - 99.620 %) (current max: 81072 of 81380
2023-03-14 10:28:10 current bw:  995.979 Mbps (81053 pkts/sec - 99.598 %) (current max: 81072 of 81380
2023-03-14 10:28:11 current bw:  996.151 Mbps (81067 pkts/sec - 99.615 %) (current max: 81072 of 81380
2023-03-14 10:28:12 current bw:  995.979 Mbps (81053 pkts/sec - 99.598 %) (current max: 81072 of 81380
2023-03-14 10:28:13 current bw:  996.053 Mbps (81059 pkts/sec - 99.606 %) (current max: 81072 of 81380
2023-03-14 10:28:14 current bw:  996.102 Mbps (81063 pkts/sec - 99.610 %) (current max: 81072 of 81380
2023-03-14 10:28:15 current bw:  995.992 Mbps (81054 pkts/sec - 99.599 %) (current max: 81072 of 81380
2023-03-14 10:28:16 current bw:  996.188 Mbps (81070 pkts/sec - 99.619 %) (current max: 81072 of 81380
2023-03-14 10:28:17 current bw:  995.967 Mbps (81052 pkts/sec - 99.597 %) (current max: 81072 of 81380
2023-03-14 10:28:18 current bw:  996.188 Mbps (81070 pkts/sec - 99.619 %) (current max: 81072 of 81380
2023-03-14 10:28:19 current bw:  995.979 Mbps (81053 pkts/sec - 99.598 %) (current max: 81072 of 81380
2023-03-14 10:28:20 current bw:  996.164 Mbps (81068 pkts/sec - 99.617 %) (current max: 81072 of 81380
2023-03-14 10:28:21 current bw:  995.979 Mbps (81053 pkts/sec - 99.598 %) (current max: 81072 of 81380
2023-03-14 10:28:22 current bw:  996.200 Mbps (81071 pkts/sec - 99.620 %) (current max: 81072 of 81380
2023-03-14 10:28:23 current bw:  995.979 Mbps (81053 pkts/sec - 99.598 %) (current max: 81072 of 81380
2023-03-14 10:28:24 current bw:  996.114 Mbps (81064 pkts/sec - 99.612 %) (current max: 81072 of 81380
2023-03-14 10:28:25 current bw:  996.028 Mbps (81057 pkts/sec - 99.603 %) (current max: 81072 of 81380
2023-03-14 10:28:26 current bw:  995.979 Mbps (81053 pkts/sec - 99.598 %) (current max: 81072 of 81380
2023-03-14 10:28:27 current bw:  996.188 Mbps (81070 pkts/sec - 99.619 %) (current max: 81072 of 81380
2023-03-14 10:28:28 current bw:  995.967 Mbps (81052 pkts/sec - 99.597 %) (current max: 81072 of 81380
2023-03-14 10:28:29 current bw:  996.188 Mbps (81070 pkts/sec - 99.619 %) (current max: 81072 of 81380
2023-03-14 10:28:30 current bw:  909.066 Mbps (73980 pkts/sec - 90.907 %) (current max: 81072 of 81380
2023-03-14 10:28:31 current bw:    0.000 Mbps (0 pkts/sec - 0.000 %) (current max: 81072 of 81380
2023-03-14 10:28:32 current bw:    0.000 Mbps (0 pkts/sec - 0.000 %) (current max: 81072 of 81380
2023-03-14 10:28:33 current bw:    0.000 Mbps (0 pkts/sec - 0.000 %) (current max: 81072 of 81380
2023-03-14 10:28:34 current bw:    0.000 Mbps (0 pkts/sec - 0.000 %) (current max: 81072 of 81380
2023-03-14 10:28:35 current bw:    0.000 Mbps (0 pkts/sec - 0.000 %) (current max: 81072 of 81380
2023-03-14 10:28:36 current bw:    0.000 Mbps (0 pkts/sec - 0.000 %) (current max: 81072 of 81380
2023-03-14 10:28:37 current bw:    0.000 Mbps (0 pkts/sec - 0.000 %) (current max: 81072 of 81380
2023-03-14 10:28:38 current bw:    0.000 Mbps (0 pkts/sec - 0.000 %) (current max: 81072 of 81380
2023-03-14 10:28:39 current bw:    0.000 Mbps (0 pkts/sec - 0.000 %) (current max: 81072 of 81380
2023-03-14 10:28:40 current bw:    0.000 Mbps (0 pkts/sec - 0.000 %) (current max: 81072 of 81380
2023-03-14 10:28:41 current bw:    0.000 Mbps (0 pkts/sec - 0.000 %) (current max: 81072 of 81380
2023-03-14 10:28:42 current bw:    0.000 Mbps (0 pkts/sec - 0.000 %) (current max: 81072 of 81380
2023-03-14 10:28:43 current bw:    0.000 Mbps (0 pkts/sec - 0.000 %) (current max: 81072 of 81380
2023-03-14 10:28:44 current bw:    0.000 Mbps (0 pkts/sec - 0.000 %) (current max: 81072 of 81380
2023-03-14 10:28:45 current bw:    0.000 Mbps (0 pkts/sec - 0.000 %) (current max: 81072 of 81380
2023-03-14 10:28:46 current bw:    0.000 Mbps (0 pkts/sec - 0.000 %) (current max: 81072 of 81380
2023-03-14 10:28:47 current bw:    0.000 Mbps (0 pkts/sec - 0.000 %) (current max: 81072 of 81380
2023-03-14 10:28:48 current bw:    0.000 Mbps (0 pkts/sec - 0.000 %) (current max: 81072 of 81380
2023-03-14 10:28:49 current bw:    0.000 Mbps (0 pkts/sec - 0.000 %) (current max: 81072 of 81380
2023-03-14 10:28:50 current bw:    0.000 Mbps (0 pkts/sec - 0.000 %) (current max: 81072 of 81380
2023-03-14 10:28:51 current bw:    0.000 Mbps (0 pkts/sec - 0.000 %) (current max: 81072 of 81380
2023-03-14 10:28:52 current bw:    0.000 Mbps (0 pkts/sec - 0.000 %) (current max: 81072 of 81380
2023-03-14 10:28:53 current bw:    0.000 Mbps (0 pkts/sec - 0.000 %) (current max: 81072 of 81380
2023-03-14 10:28:54 current bw:    0.000 Mbps (0 pkts/sec - 0.000 %) (current max: 81072 of 81380
2023-03-14 10:28:55 current bw:    0.000 Mbps (0 pkts/sec - 0.000 %) (current max: 81072 of 81380
2023-03-14 10:28:56 current bw:    0.000 Mbps (0 pkts/sec - 0.000 %) (current max: 81072 of 81380
2023-03-14 10:28:57 current bw:    0.000 Mbps (0 pkts/sec - 0.000 %) (current max: 81072 of 81380
2023-03-14 10:28:58 current bw:    0.000 Mbps (0 pkts/sec - 0.000 %) (current max: 81072 of 81380
Terminator received, closing
2023-03-14 10:28:59 current bw:    0.000 Mbps (0 pkts/sec - 0.000 %) (current max: 81072 of 81380
Ran for 600.993 sec
Received 24317117 packets
Packet size: 1470 bytes (excl. header)
Avg BW: 28.166 Mbps
Max frames/sec seen: 81072
Max link util: 98.584%
